node   1  (   0,    0) (   4,    3) (   5,    4) (   4,    4) (   4,    4) (   3,    3) (   1,    1) (   4,    4) (   1,    1) (   1,    1)
          (   4,    4) (   1,    1) (   2,    2) (   1,    1) (   3,    3) (   3,    3) (   5,    5) (   1,    1) (   3,    3) (   1,    1)
          (   2,    2) (   5,    5) (   4,    4) (   2,    2) (   2,    2) (   1,    1) (   2,    2) (   5,    5) (   1,    1) (   4,    4)
          (   2,    2) (   3,    3) (   3,    3) (   1,    1) (   2,    2) (   2,    2) (   1,    1) (   2,    2) (   2,    2) (   2,    2)
          (   1,    1) (   2,    2) (   3,    3) (   3,    3) (   3,    3) (   1,    1) (   3,    3) (   2,    2) (   1,    1) (   2,    2)
          (   2,    2) (   2,    2) (   1,    1) (   5,    5) (   1,    1) (   3,    3) (   1,    1) (   1,    1) (   4,    4) (   2,    2)
          (   1,    1) (   5,    5) (   4,    4) (   0,    1) (   1,    1) (   2,    2) (   2,    2) (   4,    4) (   3,    2) (   1,    1)
          (   2,    2) (   1,    2) (   1,    1) (   4,    3) (   3,    3) (   3,    3) (   1,    1) (   3,    3) (   3,    3) (   5,    5)
          (   3,    4) (   3,    3) (   1,    1) (   1,    1) (   3,    2) (   3,    4) (   1,    2) (   1,    0) (   1,    1) (   3,    2)
          (   3,    3) (   3,    3) (   3,    3) (   1,    0) (   1,    2) (   1,    2) (   3,    2) (   2,    2) (   1,    1) (   2,    2)
          (   1,    1) (   2,    2) (   1,    1) (   3,    3) (   1,    1) (   2,    2) (   2,    2) (   2,    2) (   1,    1) (   1,    1)
          (   1,    0) (   3,    3) (   0,    1) (   2,    2) (   1,    0) (   2,    2) (   2,    4) (   1,    1) (   0,    0) (   1,    1)
          (   3,    2) (   3,    3) (   1,    2) (   3,    3) (   1,    0) (   1,    0) (   2,    2) (   2,    3) (   0,    1) (   1,    0)
          (   3,    2) (   1,    2) (   1,    1) (   0,    0) (   2,    2) (   1,    0) (   1,    1) (   0,    1) (   3,    3) (   4,    3)
          (   1,    1) (   1,    1) (   1,    1) (   1,    2) (   5,    5) (   3,    2) (   3,    4) (   2,    2) (   2,    2) (   2,    2)
          (   3,    3) (   1,    1) (   1,    1) (   1,    1) (   1,    0) (   2,    2) (   2,    2) (   2,    1) (   3,    3) (   0,    1)
          (   1,    1) (   2,    1) (   4,    4) (   3,    3) (   1,    1) (   3,    3) (   1,    1) (   1,    1) (   3,    3) (   1,    1)
          (   2,    2) (   3,    3) (   1,    1) (   1,    1) (   1,    1) (   1,    0) (   2,    2) (   2,    2) (   2,    2) (   2,    2)
          (   1,    1) (   3,    3) (   3,    3) (   2,    2) (   0,    1) (   2,    2) (   2,    1) (   2,    2) (   1,    1) (   2,    2)
          (   1,    1) (   2,    2) (   3,    4) (   2,    2) (   1,    0) (   2,    2) (   2,    2) (   1,    1) (   2,    2) (   1,    3)
          (   1,    1) (   2,    1) (   1,    2) (   2,    2) (   2,    2) (   1,    1) (   2,    3) (   2,    2) (   2,    2) (   2,    3)
          (   1,    1) (   4,    4) (   1,    1) (   1,    1) (   3,    3) (   2,    2) (   1,    1) (   1,    3) (   0,    1) (   2,    2)
          (   1,    0) (   2,    2) (   2,    2) (   1,    2) (   0,    1) (   2,    2) (   4,    3) (   1,    1) (   3,    3) (   3,    3)
          (   3,    2) (   1,    1) (   2,    2) (   1,    1) (   2,    2) (   1,    1) (   0,    1) (   0,    2) (   4,    3) (   2,    1)
          (   1,    1) (   1,    1) (   1,    0) (   1,    1) (   0,    1) (   1,    1) (   1,    0) (   0,    1) (   2,    2) (   2,    3)
          (   2,    1) (   1,    0) (   5,    4) (   2,    2) (   3,    3) (   1,    1) (   1,    1) (   4,    4) (   2,    2) (   2,    2)
          (   3,    2) (   2,    2) (   1,    1) (   2,    2) (   2,    2) (   1,    1) (   0,    1) (   1,    0) (   2,    1) (   2,    1)
          (   4,    4) (   2,    2) (   2,    2) (   1,    1) (   1,    1) (   4,    4) (   1,    1) (   2,    2) (   2,    2) (   4,    4)
          (   1,    1) (   3,    3) (   1,    1) (   4,    4) (   1,    1) (   2,    2) (   2,    2) (   2,    2) (   1,    1) (   2,    1)
          (   0,    1) (   2,    2) (   2,    1) (   1,    1) (   1,    1) (   1,    2) (   2,    2) (   1,    1) (   1,    2) (   1,    1)
          (   1,    1) (   3,    2) (   1,    1) (   3,    3) (   2,    2) (   1,    1) (   2,    2) (   2,    2) (   2,    2) (   2,    2)
          (   1,    1) (   1,    1) (   1,    1) (   4,    4) (   4,    4) (   2,    2) (   1,    1) (   1,    1) (   1,    1) (   2,    2)
          (   3,    3) (   2,    2) (   1,    1) (   2,    2) (   1,    1) (   2,    2) (   3,    3) (   3,    3) (   2,    2) (   1,    1)
          (   2,    2) (   4,    4) (   1,    1) (   1,    1) (   1,    1) (   2,    2) (   1,    1) (   0,    1) (   0,    1) (   2,    1)
          (   4,    3) (   2,    2) (   3,    3) (   2,    2) (   2,    2) (   2,    2) (   3,    3) (   2,    2) (   4,    4) (   3,    3)
          (   1,    1) (   2,    2) (   1,    1) (   2,    2) (   4,    4) (   5,    5) (   3,    3) (   3,    3) (   1,    1) (   3,    3)
          (   1,    1) (   1,    2) (   2,    2) (   2,    1) (   4,    4) (   1,    1) (   2,    2) (   2,    2) (   2,    2) (   1,    1)
          (   1,    1) (   2,    2) (   1,    1) (   2,    2) (   1,    1) (   3,    3) (   2,    2) (   3,    3) (   2,    2) (   2,    2)
          (   2,    2) (   3,    3) (   1,    1) (   3,    3) (   2,    2) (   1,    1) (   1,    1) (   1,    1) (   1,    1) (   4,    4)
          (   3,    3) (   3,    3) (   2,    2) (   1,    1) (   4,    4) (   1,    1) (   4,    4) (   3,    3) (   1,    1) (   2,    2)
          (   1,    1) (   2,    2) (   4,    4) (   3,    3) (   2,    2) (   2,    2) (   2,    2) (   3,    3) (   2,    2) (   2,    2)
          (   3,    3) (   3,    3) (   2,    2) (   3,    3) (   2,    2) (   1,    1) (   1,    1) (   1,    1) (   2,    2) (   1,    1)
          (   1,    1) (   4,    4) (   2,    2) (   5,    5) (   1,    1) (   1,    1) (   2,    2) (   1,    1) (   3,    3) (   1,    1)
          (   2,    2) (   0,    1) (   2,    2) (   2,    1) (   2,    2) (   3,    3) (   1,    1) (   3,    3) (   3,    3) (   1,    1)
          (   4,    4) (   3,    3) (   2,    2) (   2,    2) (   2,    2) (   1,    1) (   1,    1) (   3,    3) (   1,    1) (   2,    2)
          (   2,    2) (   1,    1) (   1,    1) (   3,    3) (   1,    1) (   1,    1) (   1,    1) (   3,    3) (   4,    4) (   2,    2)
          (   2,    2) (   3,    3) (   2,    2) (   3,    3) (   1,    1) (   3,    3) (   2,    2) (   1,    1) (   1,    1) (   1,    1)
          (   2,    2) (   3,    3) (   2,    2) (   2,    2) (   1,    1) (   3,    3) (   1,    1) (   1,    1) (   3,    3) (   3,    3)
          (   1,    1) (   1,    1) (   3,    3) (   1,    1) (   2,    2) (   1,    1) (   2,    2) (   2,    2) (   3,    3) (   4,    4)
          (   2,    2) (   1,    1) (   2,    2) (   1,    1) (   3,    3) (   1,    1) (   2,    2) (   3,    3) (   1,    1) (   2,    2)
          (   2,    2) (   2,    2) (   2,    2) (   3,    3) (   3,    3) (   2,    2) (   2,    2) (   1,    1) (   2,    2) (   2,    2)
          (   5,    5) (   4,    4) (   1,    1) (   1,    1) (   1,    1) (   1,    1) (   3,    3) (   4,    4) (   2,    2) (   2,    2)
          (   3,    3) (   2,    2) (   3,    3) (   2,    2) (   1,    1) (   2,    2) (   1,    1) (   1,    1) (   2,    2) (   5,    5)
          (   3,    3) (   1,    1) (   2,    2) (   2,    2) (   1,    1) (   2,    2) (   1,    1) (   4,    4) (   1,    1) (   1,    1)
          (   1,    1) (   2,    2) (   1,    1) (   0,    1) (   1,    1) (   2,    1) (   2,    2) (   2,    2) (   3,    3) (   2,    2)
          (   1,    1) (   3,    3) (   1,    1) (   2,    2) (   2,    2) (   2,    2) (   1,    1) (   1,    1) (   3,    3) (   3,    3)
          (   1,    1) (   2,    2) (   1,    1) (   1,    1) (   1,    1) (   2,    2) (   2,    2) (   1,    1) (   1,    1) (   1,    1)
          (   1,    1) (   2,    2) (   0,    1) (   2,    2) (   3,    2) (   2,    2) (   1,    1) (   1,    1) (   2,    2) (   2,    2)
          (   1,    1) (   2,    2) (   2,    2) (   1,    1) (   2,    2) (   2,    2) (   3,    3) (   1,    1) (   1,    1) (   3,    3)
          (   2,    2) (   1,    1) (   1,    2) (   1,    1) (   1,    0) (   2,    2) (   3,    3) (   2,    2) (   1,    1) (   2,    2)
          (   2,    2) (   2,    2) (   2,    2) (   2,    2) (   3,    3) (   2,    2) (   1,    1) (   4,    4) (   2,    2) (   2,    2)
          (   2,    2) (   2,    2) (   2,    2) (   1,    1) (   4,    4) (   3,    3) (   2,    2) (   2,    2) (   4,    4) (   3,    3)
          (   2,    2) (   3,    3) (   1,    1) (   1,    1) (   1,    1) (   1,    1) (   3,    3) (   3,    3) (   1,    1) (   3,    3)
          (   1,    1) (   2,    2) (   1,    1) (   2,    2) (   1,    1) (   1,    1) (   2,    2) (   3,    3) (   1,    1) (   1,    1)
          (   2,    2) (   2,    2) (   2,    2) (   2,    2) (   3,    3) (   2,    2) (   1,    1) (   3,    3) (   2,    2) (   2,    2)
          (   4,    4) (   3,    3) (   2,    2) (   1,    1) (   3,    3) (   1,    1) (   1,    1) (   2,    2) (   1,    1) (   2,    2)
          (   3,    3) (   1,    1) (   2,    2) (   1,    1) (   1,    1) (   2,    2) (   1,    1) (   3,    3) (   2,    2) (   2,    2)
          (   1,    1) (   2,    2) (   1,    1) (   1,    1) (   2,    2) (   2,    2) (   1,    1) (   2,    2) (   2,    2) (   2,    2)
          (   2,    2) (   2,    2) (   1,    1) (   1,    1) (   3,    3) (   5,    5) (   2,    2) (   1,    1) (   4,    4) (   1,    1)
          (   1,    1) (   2,    2) (   2,    2) (   3,    3) (   1,    1) (   2,    2) (   2,    2) (   2,    2) (   1,    1) (   2,    2)
         
node   1 sent_total   1355  recv_total   1352

node   2  (   1,    0) (   0,    0) (   1,    1) (   2,    1) (   2,    2) (   4,    4) (   4,    4) (   3,    3) (   2,    2) (   2,    2)
          (   3,    3) (   2,    2) (   2,    2) (   2,    2) (   2,    2) (   2,    2) (   3,    3) (   4,    4) (   1,    1) (   1,    1)
          (   2,    2) (   1,    1) (   0,    1) (   1,    1) (   3,    2) (   2,    2) (   3,    3) (   1,    1) (   2,    2) (   2,    2)
          (   1,    1) (   1,    1) (   2,    2) (   3,    3) (   3,    3) (   1,    1) (   2,    2) (   2,    2) (   3,    3) (   2,    2)
          (   1,    1) (   1,    1) (   2,    2) (   2,    2) (   1,    1) (   3,    3) (   1,    1) (   2,    2) (   4,    4) (   3,    3)
          (   1,    1) (   2,    2) (   2,    2) (   2,    2) (   2,    2) (   3,    3) (   1,    1) (   1,    1) (   1,    1) (   0,    1)
          (   1,    1) (   3,    2) (   1,    1) (   0,    1) (   1,    1) (   1,    0) (   2,    2) (   1,    1) (   1,    1) (   1,    1)
          (   3,    3) (   3,    4) (   2,    2) (   1,    1) (   2,    2) (   3,    3) (   2,    2) (   3,    4) (   3,    3) (   2,    2)
          (   1,    1) (   1,    1) (   1,    2) (   2,    2) (   3,    3) (   1,    2) (   1,    1) (   2,    1) (   2,    2) (   2,    3)
          (   0,    1) (   2,    2) (   1,    1) (   1,    1) (   3,    2) (   1,    1) (   0,    1) (   1,    0) (   1,    1) (   3,    3)
          (   1,    1) (   2,    1) (   3,    2) (   1,    1) (   3,    3) (   2,    2) (   1,    1) (   0,    0) (   1,    0) (   3,    2)
          (   1,    1) (   2,    2) (   2,    2) (   1,    1) (   2,    2) (   1,    1) (   2,    2) (   3,    3) (   1,    1) (   2,    2)
          (   1,    1) (   3,    3) (   1,    1) (   2,    3) (   1,    1) (   2,    2) (   1,    1) (   3,    3) (   1,    1) (   2,    2)
          (   1,    1) (   2,    2) (   1,    1) (   2,    2) (   1,    1) (   2,    2) (   2,    2) (   2,    1) (   1,    1) (   2,    2)
          (   2,    2) (   1,    2) (   0,    1) (   2,    2) (   1,    0) (   2,    2) (   2,    2) (   0,    1) (   2,    1) (   1,    0)
          (   2,    2) (   2,    2) (   1,    1) (   1,    1) (   2,    2) (   1,    1) (   0,    1) (   2,    2) (   0,    0) (   2,    3)
          (   2,    2) (   3,    2) (   3,    2) (   1,    1) (   1,    1) (   2,    2) (   2,    2) (   2,    2) (   2,    2) (   1,    1)
          (   0,    1) (   2,    2) (   3,    2) (   1,    1) (   1,    1) (   3,    2) (   1,    1) (   1,    2) (   2,    2) (   1,    0)
          (   1,    3) (   1,    1) (   4,    3) (   1,    1) (   2,    2) (   1,    1) (   2,    2) (   2,    3) (   3,    3) (   1,    0)
          (   3,    3) (   3,    3) (   1,    1) (   1,    0) (   3,    3) (   2,    2) (   3,    3) (   2,    3) (   1,    1) (   0,    0)
          (   2,    2) (   1,    0) (   1,    1) (   1,    1) (   1,    1) (   3,    3) (   2,    1) (   1,    1) (   1,    1) (   2,    2)
          (   1,    0) (   1,    1) (   2,    2) (   1,    2) (   1,    1) (   1,    1) (   1,    1) (   2,    1) (   5,    5) (   1,    1)
          (   0,    1) (   2,    3) (   1,    0) (   1,    1) (   4,    4) (   2,    1) (   1,    1) (   2,    2) (   1,    1) (   1,    1)
          (   3,    3) (   1,    2) (   2,    2) (   3,    3) (   3,    3) (   1,    1) (   2,    3) (   1,    2) (   3,    2) (   2,    2)
          (   1,    1) (   2,    2) (   2,    2) (   1,    1) (   0,    0) (   1,    2) (   1,    1) (   1,    0) (   1,    0) (   0,    1)
          (   2,    2) (   3,    2) (   1,    2) (   5,    5) (   1,    2) (   2,    3) (   2,    1) (   1,    0) (   1,    1) (   0,    1)
          (   2,    2) (   2,    1) (   1,    2) (   3,    3) (   1,    1) (   2,    2) (   2,    1) (   1,    2) (   1,    1) (   2,    2)
          (   2,    2) (   1,    0) (   2,    2) (   2,    2) (   1,    2) (   1,    2) (   1,    0) (   4,    3) (   3,    3) (   1,    1)
          (   3,    3) (   1,    1) (   2,    2) (   1,    1) (   2,    3) (   1,    2) (   1,    0) (   1,    1) (   2,    2) (   1,    1)
          (   2,    2) (   1,    1) (   0,    1) (   1,    1) (   1,    0) (   3,    3) (   1,    0) (   2,    2) (   1,    0) (   2,    1)
          (   1,    2) (   2,    2) (   2,    2) (   3,    3) (   1,    1) (   1,    1) (   1,    1) (   2,    2) (   2,    2) (   2,    2)
          (   3,    3) (   3,    3) (   1,    1) (   3,    3) (   4,    4) (   2,    2) (   4,    4) (   3,    3) (   2,    2) (   4,    4)
          (   5,    5) (   4,    4) (   2,    2) (   1,    1) (   4,    4) (   1,    1) (   2,    2) (   1,    1) (   1,    1) (   2,    2)
          (   1,    2) (   2,    2) (   1,    0) (   1,    1) (   2,    2) (   1,    1) (   2,    2) (   2,    2) (   2,    2) (   2,    2)
          (   2,    2) (   2,    2) (   2,    2) (   2,    2) (   1,    1) (   1,    1) (   2,    2) (   3,    3) (   1,    1) (   1,    1)
          (   3,    3) (   2,    2) (   3,    3) (   2,    2) (   1,    1) (   1,    1) (   1,    1) (   2,    2) (   4,    4) (   4,    4)
          (   2,    2) (   2,    2) (   1,    1) (   3,    3) (   1,    1) (   3,    3) (   3,    3) (   2,    2) (   3,    3) (   3,    3)
          (   1,    1) (   4,    4) (   2,    2) (   1,    1) (   1,    1) (   2,    2) (   1,    1) (   3,    3) (   2,    2) (   2,    2)
          (   2,    2) (   2,    2) (   2,    2) (   1,    1) (   1,    1) (   1,    1) (   0,    1) (   2,    2) (   1,    0) (   2,    2)
          (   1,    1) (   1,    1) (   2,    2) (   1,    1) (   1,    1) (   3,    3) (   2,    2) (   3,    3) (   2,    2) (   1,    1)
          (   3,    3) (   2,    2) (   1,    1) (   2,    2) (   2,    2) (   3,    3) (   2,    2) (   2,    2) (   2,    2) (   3,    3)
          (   2,    2) (   1,    1) (   3,    3) (   1,    1) (   1,    1) (   1,    1) (   1,    1) (   2,    2) (   1,    1) (   1,    1)
          (   1,    1) (   2,    2) (   3,    3) (   1,    1) (   3,    3) (   2,    2) (   2,    2) (   4,    4) (   1,    1) (   2,    2)
          (   1,    1) (   3,    3) (   1,    1) (   3,    3) (   2,    2) (   1,    1) (   2,    2) (   2,    2) (   2,    2) (   2,    2)
          (   2,    2) (   3,    3) (   2,    2) (   1,    1) (   0,    1) (   1,    1) (   5,    4) (   2,    2) (   3,    3) (   2,    2)
          (   1,    1) (   1,    1) (   1,    1) (   1,    1) (   3,    3) (   4,    4) (   2,    2) (   2,    2) (   3,    3) (   2,    2)
          (   1,    1) (   3,    3) (   1,    1) (   3,    3) (   4,    4) (   1,    1) (   2,    2) (   5,    5) (   2,    2) (   3,    3)
          (   2,    2) (   1,    1) (   2,    2) (   3,    3) (   3,    3) (   1,    1) (   2,    2) (   2,    2) (   1,    1) (   1,    1)
          (   3,    3) (   4,    4) (   3,    3) (   4,    4) (   1,    1) (   3,    3) (   2,    2) (   2,    2) (   1,    1) (   1,    1)
          (   3,    3) (   1,    1) (   2,    2) (   2,    2) (   2,    2) (   2,    2) (   2,    2) (   2,    2) (   3,    3) (   1,    1)
          (   1,    1) (   3,    3) (   1,    1) (   2,    2) (   3,    3) (   1,    1) (   3,    3) (   3,    3) (   2,    2) (   3,    3)
          (   1,    1) (   1,    1) (   3,    3) (   3,    3) (   2,    2) (   2,    2) (   1,    1) (   2,    2) (   1,    1) (   2,    2)
          (   3,    3) (   3,    3) (   1,    1) (   1,    1) (   1,    1) (   4,    4) (   2,    2) (   2,    2) (   2,    2) (   1,    1)
          (   3,    3) (   2,    2) (   2,    2) (   1,    1) (   1,    1) (   2,    2) (   2,    2) (   3,    3) (   2,    2) (   2,    2)
          (   3,    3) (   2,    2) (   3,    3) (   1,    1) (   1,    1) (   2,    2) (   1,    1) (   2,    2) (   2,    2) (   3,    3)
          (   2,    2) (   1,    1) (   1,    1) (   1,    1) (   2,    2) (   1,    1) (   4,    4) (   2,    2) (   1,    1) (   3,    3)
          (   2,    2) (   2,    2) (   2,    2) (   2,    2) (   3,    3) (   4,    4) (   4,    4) (   2,    2) (   1,    1) (   1,    1)
          (   2,    2) (   2,    2) (   2,    2) (   2,    2) (   3,    3) (   2,    2) (   2,    2) (   3,    3) (   1,    1) (   3,    3)
          (   1,    1) (   2,    2) (   1,    1) (   3,    3) (   3,    3) (   1,    1) (   2,    2) (   3,    3) (   2,    2) (   2,    2)
          (   2,    2) (   4,    4) (   4,    4) (   2,    2) (   3,    3) (   1,    1) (   5,    5) (   1,    1) (   2,    2) (   2,    2)
          (   2,    2) (   2,    2) (   2,    2) (   1,    1) (   4,    4) (   1,    1) (   2,    2) (   1,    1) (   1,    1) (   3,    3)
          (   2,    2) (   1,    1) (   1,    1) (   1,    1) (   1,    1) (   4,    4) (   3,    3) (   2,    2) (   4,    4) (   1,    1)
          (   2,    2) (   1,    1) (   3,    3) (   3,    3) (   2,    2) (   3,    3) (   1,    1) (   1,    1) (   2,    2) (   1,    1)
          (   2,    2) (   1,    1) (   2,    2) (   3,    3) (   2,    2) (   2,    2) (   2,    2) (   1,    1) (   4,    4) (   2,    2)
          (   2,    2) (   1,    1) (   4,    4) (   3,    3) (   2,    2) (   1,    1) (   2,    2) (   2,    2) (   2,    2) (   1,    1)
          (   2,    2) (   2,    2) (   2,    2) (   3,    3) (   2,    2) (   1,    1) (   4,    4) (   3,    3) (   1,    1) (   2,    2)
          (   1,    1) (   3,    3) (   2,    2) (   2,    2) (   1,    1) (   1,    1) (   3,    3) (   2,    2) (   3,    3) (   4,    4)
          (   1,    1) (   4,    4) (   2,    2) (   3,    3) (   2,    2) (   2,    2) (   1,    1) (   3,    3) (   2,    2) (   4,    4)
          (   1,    1) (   1,    1) (   2,    2) (   3,    3) (   1,    1) (   2,    2) (   2,    2) (   3,    3) (   2,    2) (   1,    1)
          (   1,    1) (   3,    3) (   1,    1) (   2,    2) (   1,    1) (   1,    1) (   3,    3) (   2,    2) (   4,    4) (   2,    2)
         
node   2 sent_total   1319  recv_total   1315

node   3  (   1,    0) (   0,    0) (   1,    1) (   2,    1) (   3,    3) (   1,    1) (   4,    4) (   4,    4) (   2,    2) (   2,    2)
          (   1,    1) (   4,    4) (   2,    2) (   3,    3) (   2,    2) (   4,    4) (   2,    2) (   2,    2) (   1,    1) (   2,    2)
          (   2,    2) (   1,    1) (   3,    3) (   3,    3) (   1,    1) (   2,    2) (   2,    2) (   1,    1) (   4,    4) (   2,    2)
          (   2,    2) (   3,    3) (   1,    1) (   1,    1) (   2,    2) (   2,    2) (   1,    1) (   1,    1) (   1,    1) (   2,    2)
          (   1,    1) (   2,    2) (   2,    2) (   1,    1) (   3,    3) (   2,    2) (   1,    1) (   2,    2) (   1,    1) (   1,    1)
          (   3,    3) (   2,    2) (   1,    1) (   2,    2) (   1,    1) (   2,    2) (   2,    2) (   0,    1) (   3,    3) (   3,    2)
          (   1,    1) (   2,    2) (   1,    1) (   1,    2) (   1,    1) (   1,    0) (   2,    2) (   1,    1) (   3,    3) (   1,    1)
          (   3,    3) (   1,    0) (   1,    1) (   1,    1) (   2,    2) (   2,    2) (   1,    1) (   1,    1) (   1,    1) (   0,    1)
          (   3,    3) (   2,    1) (   2,    2) (   2,    3) (   1,    1) (   2,    2) (   4,    4) (   1,    1) (   2,    2) (   2,    2)
          (   4,    4) (   0,    1) (   1,    2) (   1,    0) (   0,    1) (   1,    1) (   1,    0) (   2,    2) (   1,    2) (   1,    1)
          (   4,    4) (   3,    3) (   2,    1) (   2,    1) (   1,    1) (   2,    2) (   1,    0) (   1,    2) (   0,    1) (   2,    1)
          (   1,    0) (   2,    2) (   1,    1) (   0,    1) (   0,    1) (   0,    0) (   0,    0) (   1,    0) (   0,    0) (   0,    1)
          (   3,    2) (   1,    0) (   2,    1) (   1,    1) (   2,    2) (   4,    4) (   1,    1) (   2,    2) (   2,    1) (   3,    3)
          (   1,    1) (   1,    1) (   2,    1) (   2,    1) (   2,    3) (   1,    1) (   0,    2) (   2,    2) (   1,    0) (   1,    1)
          (   1,    2) (   2,    2) (   3,    2) (   2,    2) (   1,    1) (   1,    1) (   1,    1) (   1,    1) (   3,    3) (   1,    1)
          (   1,    1) (   2,    2) (   1,    1) (   1,    1) (   2,    3) (   5,    5) (   2,    1) (   1,    1) (   3,    3) (   1,    1)
          (   3,    4) (   2,    3) (   1,    1) (   2,    1) (   4,    4) (   2,    2) (   1,    2) (   2,    2) (   2,    2) (   2,    2)
          (   1,    2) (   1,    1) (   1,    0) (   4,    5) (   2,    2) (   3,    3) (   3,    3) (   2,    2) (   1,    0) (   3,    3)
          (   2,    2) (   1,    2) (   1,    0) (   1,    1) (   2,    2) (   2,    2) (   4,    4) (   1,    1) (   1,    1) (   2,    2)
          (   2,    2) (   0,    1) (   1,    1) (   2,    1) (   2,    3) (   0,    1) (   2,    1) (   0,    0) (   2,    1) (   1,    0)
          (   3,    3) (   1,    1) (   2,    2) (   1,    0) (   2,    2) (   0,    1) (   1,    1) (   1,    0) (   2,    2) (   2,    1)
          (   2,    2) (   2,    2) (   2,    2) (   2,    2) (   1,    1) (   1,    0) (   2,    2) (   1,    1) (   1,    1) (   1,    1)
          (   2,    1) (   1,    1) (   1,    2) (   2,    2) (   3,    3) (   3,    3) (   1,    1) (   2,    2) (   1,    1) (   2,    2)
          (   2,    2) (   2,    2) (   1,    1) (   3,    2) (   1,    1) (   0,    1) (   0,    1) (   1,    0) (   1,    0) (   3,    3)
          (   4,    4) (   1,    1) (   2,    2) (   1,    1) (   2,    2) (   2,    2) (   0,    1) (   2,    2) (   2,    1) (   2,    2)
          (   1,    2) (   2,    2) (   2,    2) (   2,    2) (   0,    2) (   1,    0) (   2,    1) (   0,    1) (   2,    2) (   1,    0)
          (   2,    2) (   3,    2) (   1,    2) (   1,    1) (   3,    3) (   1,    1) (   2,    1) (   1,    1) (   2,    2) (   1,    2)
          (   2,    2) (   3,    2) (   1,    1) (   4,    4) (   1,    1) (   0,    1) (   3,    3) (   1,    0) (   2,    2) (   3,    3)
          (   2,    2) (   1,    2) (   3,    3) (   1,    0) (   1,    2) (   1,    1) (   1,    0) (   4,    4) (   2,    2) (   3,    3)
          (   1,    1) (   1,    1) (   2,    2) (   2,    2) (   1,    1) (   3,    3) (   2,    2) (   3,    3) (   1,    1) (   2,    1)
          (   2,    2) (   3,    3) (   3,    3) (   1,    1) (   3,    3) (   3,    3) (   2,    2) (   2,    2) (   2,    2) (   2,    2)
          (   3,    3) (   2,    2) (   3,    3) (   1,    1) (   1,    1) (   2,    2) (   1,    1) (   2,    2) (   1,    1) (   2,    2)
          (   1,    1) (   1,    1) (   2,    2) (   3,    3) (   2,    2) (   5,    5) (   2,    2) (   2,    2) (   2,    2) (   2,    2)
          (   1,    1) (   1,    1) (   3,    3) (   1,    1) (   0,    1) (   0,    1) (   0,    0) (   1,    0) (   3,    2) (   1,    1)
          (   1,    1) (   2,    2) (   1,    1) (   1,    1) (   1,    1) (   2,    2) (   1,    1) (   1,    1) (   2,    2) (   1,    1)
          (   4,    4) (   2,    2) (   4,    4) (   1,    1) (   1,    1) (   3,    3) (   2,    2) (   2,    2) (   2,    2) (   1,    1)
          (   2,    2) (   1,    1) (   2,    2) (   2,    2) (   2,    2) (   4,    4) (   2,    2) (   1,    1) (   1,    1) (   1,    1)
          (   2,    2) (   2,    2) (   3,    3) (   1,    1) (   4,    4) (   2,    2) (   3,    3) (   3,    3) (   1,    1) (   1,    1)
          (   4,    4) (   2,    2) (   2,    2) (   1,    1) (   1,    1) (   1,    1) (   3,    3) (   1,    1) (   4,    4) (   1,    1)
          (   2,    2) (   1,    1) (   2,    2) (   4,    4) (   2,    2) (   2,    2) (   2,    2) (   1,    1) (   2,    2) (   2,    2)
          (   1,    1) (   1,    1) (   2,    2) (   1,    1) (   2,    2) (   2,    2) (   4,    4) (   1,    1) (   2,    2) (   1,    1)
          (   2,    2) (   2,    2) (   1,    1) (   3,    3) (   2,    2) (   2,    2) (   2,    2) (   5,    5) (   1,    1) (   2,    2)
          (   2,    2) (   2,    2) (   3,    3) (   3,    3) (   2,    2) (   2,    2) (   1,    1) (   1,    1) (   1,    1) (   2,    2)
          (   4,    4) (   3,    3) (   1,    1) (   1,    1) (   2,    2) (   2,    2) (   2,    2) (   1,    1) (   3,    3) (   1,    1)
          (   4,    4) (   2,    2) (   2,    2) (   2,    2) (   3,    3) (   1,    1) (   2,    2) (   2,    2) (   2,    2) (   2,    2)
          (   4,    4) (   3,    3) (   1,    1) (   3,    3) (   1,    1) (   2,    2) (   2,    2) (   2,    2) (   2,    2) (   1,    1)
          (   3,    3) (   2,    2) (   1,    1) (   1,    1) (   2,    2) (   1,    1) (   2,    2) (   4,    4) (   2,    2) (   3,    3)
          (   3,    3) (   1,    1) (   2,    2) (   1,    1) (   2,    2) (   1,    1) (   1,    1) (   2,    2) (   2,    2) (   3,    3)
          (   2,    2) (   1,    1) (   2,    2) (   1,    1) (   2,    2) (   1,    1) (   2,    2) (   2,    2) (   3,    3) (   1,    1)
          (   4,    4) (   3,    3) (   1,    1) (   1,    1) (   1,    1) (   4,    4) (   2,    2) (   2,    2) (   2,    2) (   3,    3)
          (   2,    2) (   1,    1) (   2,    2) (   1,    1) (   2,    2) (   3,    3) (   2,    2) (   2,    2) (   3,    3) (   1,    1)
          (   1,    1) (   1,    1) (   2,    2) (   1,    1) (   2,    2) (   2,    2) (   1,    1) (   3,    3) (   3,    3) (   1,    1)
          (   1,    1) (   2,    2) (   1,    1) (   2,    2) (   5,    5) (   1,    1) (   1,    1) (   2,    2) (   4,    4) (   3,    3)
          (   3,    3) (   2,    2) (   2,    2) (   2,    2) (   3,    3) (   2,    2) (   2,    2) (   1,    1) (   1,    1) (   3,    3)
          (   1,    1) (   3,    3) (   1,    1) (   2,    2) (   4,    4) (   1,    1) (   3,    3) (   2,    2) (   2,    2) (   2,    2)
          (   1,    1) (   2,    2) (   4,    4) (   2,    2) (   3,    3) (   4,    4) (   1,    1) (   3,    3) (   1,    1) (   3,    3)
          (   3,    3) (   1,    1) (   2,    2) (   1,    1) (   4,    4) (   1,    1) (   2,    2) (   1,    1) (   2,    2) (   3,    3)
          (   2,    2) (   3,    3) (   3,    3) (   2,    2) (   1,    1) (   1,    1) (   2,    2) (   0,    1) (   1,    1) (   3,    2)
          (   3,    3) (   2,    2) (   2,    2) (   1,    1) (   3,    3) (   3,    3) (   2,    2) (   2,    2) (   1,    1) (   3,    3)
          (   1,    1) (   1,    1) (   1,    1) (   2,    2) (   1,    1) (   1,    1) (   0,    1) (   1,    1) (   3,    2) (   2,    2)
          (   1,    1) (   2,    2) (   1,    1) (   1,    1) (   1,    1) (   1,    1) (   2,    2) (   3,    3) (   2,    2) (   1,    1)
          (   3,    3) (   3,    3) (   1,    1) (   1,    1) (   1,    1) (   3,    3) (   2,    2) (   3,    3) (   2,    2) (   4,    4)
          (   1,    1) (   2,    2) (   2,    2) (   1,    1) (   2,    2) (   2,    2) (   1,    1) (   3,    3) (   2,    2) (   1,    1)
          (   1,    1) (   1,    1) (   1,    1) (   0,    1) (   2,    2) (   2,    1) (   1,    1) (   2,    2) (   1,    1) (   2,    2)
          (   2,    2) (   3,    3) (   2,    2) (   1,    1) (   2,    2) (   2,    2) (   1,    1) (   1,    1) (   3,    3) (   2,    2)
          (   2,    2) (   1,    1) (   3,    3) (   1,    1) (   1,    1) (   2,    2) (   1,    1) (   2,    2) (   3,    3) (   1,    1)
          (   1,    1) (   4,    4) (   1,    1) (   1,    1) (   1,    1) (   1,    1) (   3,    3) (   1,    1) (   3,    3) (   3,    3)
          (   1,    1) (   2,    2) (   3,    3) (   1,    1) (   2,    2) (   2,    2) (   3,    3) (   1,    1) (   2,    2) (   1,    1)
          (   2,    2) (   1,    1) (   2,    2) (   4,    4) (   1,    1) (   2,    2) (   1,    1) (   2,    2) (   2,    2) (   1,    1)
          (   2,    2) (   1,    1) (   2,    2) (   3,    3) (   3,    3) (   3,    3) (   5,    5) (   2,    2) (   3,    3) (   1,    1)
         
node   3 sent_total   1275  recv_total   1266

node   4  (   1,    0) (   0,    0) (   2,    2) (   1,    0) (   1,    1) (   2,    2) (   2,    2) (   2,    2) (   1,    1) (   2,    2)
          (   2,    2) (   1,    1) (   2,    2) (   2,    2) (   1,    1) (   1,    1) (   1,    1) (   1,    1) (   1,    1) (   3,    3)
          (   1,    1) (   3,    3) (   1,    1) (   3,    3) (   1,    1) (   2,    2) (   1,    1) (   1,    1) (   3,    3) (   2,    2)
          (   2,    2) (   2,    2) (   1,    1) (   2,    2) (   2,    2) (   1,    1) (   3,    3) (   4,    4) (   3,    3) (   2,    2)
          (   2,    2) (   1,    1) (   2,    2) (   2,    2) (   2,    2) (   1,    1) (   3,    3) (   1,    1) (   2,    2) (   1,    1)
          (   2,    2) (   1,    1) (   2,    2) (   1,    0) (   1,    1) (   1,    1) (   1,    1) (   4,    4) (   1,    1) (   2,    2)
          (   1,    2) (   2,    2) (   2,    1) (   3,    3) (   2,    2) (   0,    1) (   1,    1) (   2,    1) (   1,    2) (   1,    1)
          (   1,    1) (   1,    1) (   2,    2) (   4,    4) (   1,    0) (   1,    1) (   2,    3) (   1,    1) (   0,    0) (   2,    2)
          (   2,    1) (   2,    1) (   3,    3) (   2,    4) (   2,    2) (   1,    1) (   1,    0) (   1,    0) (   2,    2) (   1,    1)
          (   1,    2) (   2,    2) (   1,    2) (   3,    3) (   1,    1) (   5,    5) (   0,    2) (   1,    1) (   3,    2) (   2,    1)
          (   1,    1) (   0,    0) (   0,    0) (   0,    0) (   0,    0) (   0,    0) (   0,    0) (   0,    0) (   0,    0) (   0,    0)
          (   0,    0) (   0,    0) (   0,    0) (   0,    0) (   0,    0) (   0,    0) (   0,    0) (   0,    0) (   0,    0) (   0,    0)
          (   0,    0) (   0,    0) (   0,    0) (   0,    0) (   0,    0) (   0,    0) (   0,    0) (   0,    0) (   0,    0) (   0,    0)
          (   0,    0) (   0,    0) (   0,    0) (   0,    0) (   0,    0) (   0,    0) (   0,    0) (   0,    0) (   0,    0) (   0,    0)
          (   0,    0) (   0,    0) (   0,    0) (   0,    0) (   0,    0) (   0,    0) (   0,    0) (   0,    0) (   0,    0) (   0,    0)
          (   0,    0) (   0,    0) (   0,    0) (   0,    0) (   0,    0) (   0,    0) (   0,    0) (   0,    0) (   0,    0) (   0,    0)
          (   0,    0) (   0,    0) (   0,    0) (   0,    0) (   0,    0) (   0,    0) (   0,    0) (   0,    0) (   0,    0) (   0,    0)
          (   0,    0) (   0,    0) (   0,    0) (   0,    0) (   0,    0) (   0,    0) (   0,    0) (   0,    0) (   0,    0) (   0,    0)
          (   0,    0) (   0,    0) (   0,    0) (   0,    0) (   0,    0) (   0,    0) (   0,    0) (   0,    0) (   0,    0) (   0,    0)
          (   0,    0) (   0,    0) (   0,    0) (   0,    0) (   0,    0) (   0,    0) (   0,    0) (   0,    0) (   0,    0) (   0,    0)
          (   0,    0) (   0,    0) (   0,    0) (   0,    0) (   0,    0) (   0,    0) (   0,    0) (   0,    0) (   0,    0) (   0,    0)
          (   0,    0) (   0,    0) (   0,    0) (   0,    0) (   0,    0) (   0,    0) (   0,    0) (   0,    0) (   0,    0) (   0,    0)
          (   0,    0) (   0,    0) (   0,    0) (   0,    0) (   0,    0) (   0,    0) (   0,    0) (   0,    0) (   0,    0) (   0,    0)
          (   0,    0) (   0,    0) (   0,    0) (   0,    0) (   0,    0) (   0,    0) (   0,    0) (   0,    0) (   0,    0) (   0,    0)
          (   0,    0) (   0,    0) (   0,    0) (   0,    0) (   0,    0) (   0,    0) (   0,    0) (   0,    0) (   0,    0) (   0,    0)
          (   0,    0) (   0,    0) (   0,    0) (   0,    0) (   0,    0) (   0,    0) (   0,    0) (   0,    0) (   0,    0) (   0,    0)
          (   0,    0) (   0,    0) (   0,    0) (   0,    0) (   0,    0) (   0,    0) (   0,    0) (   0,    0) (   0,    0) (   0,    0)
          (   0,    0) (   0,    0) (   0,    0) (   0,    0) (   0,    0) (   0,    0) (   0,    0) (   0,    0) (   0,    0) (   0,    0)
          (   0,    0) (   0,    0) (   0,    0) (   0,    0) (   0,    0) (   0,    0) (   0,    0) (   0,    0) (   0,    0) (   0,    0)
          (   0,    0) (   0,    0) (   0,    0) (   0,    0) (   0,    0) (   0,    0) (   0,    0) (   0,    0) (   0,    0) (   0,    0)
          (   0,    0) (   0,    0) (   0,    0) (   0,    0) (   0,    0) (   0,    0) (   0,    0) (   0,    0) (   0,    0) (   0,    0)
          (   0,    0) (   0,    0) (   0,    0) (   0,    0) (   0,    0) (   0,    0) (   0,    0) (   0,    0) (   0,    0) (   0,    0)
          (   0,    0) (   0,    0) (   0,    0) (   0,    0) (   0,    0) (   0,    0) (   0,    0) (   0,    0) (   0,    0) (   0,    0)
          (   0,    0) (   0,    0) (   0,    0) (   0,    0) (   0,    0) (   0,    0) (   0,    0) (   0,    0) (   0,    0) (   0,    0)
          (   0,    0) (   0,    0) (   0,    0) (   0,    0) (   0,    0) (   0,    0) (   0,    0) (   0,    0) (   0,    0) (   0,    0)
          (   0,    0) (   0,    0) (   0,    0) (   0,    0) (   0,    0) (   0,    0) (   0,    0) (   0,    0) (   0,    0) (   0,    0)
          (   0,    0) (   0,    0) (   0,    0) (   0,    0) (   0,    0) (   0,    0) (   0,    0) (   0,    0) (   0,    0) (   0,    0)
          (   0,    0) (   0,    0) (   0,    0) (   0,    0) (   0,    0) (   0,    0) (   0,    0) (   0,    0) (   0,    0) (   0,    0)
          (   0,    0) (   0,    0) (   0,    0) (   0,    0) (   0,    0) (   0,    0) (   0,    0) (   0,    0) (   0,    0) (   0,    0)
          (   0,    0) (   0,    0) (   0,    0) (   0,    0) (   0,    0) (   0,    0) (   0,    0) (   0,    0) (   0,    0) (   0,    0)
          (   0,    0) (   0,    0) (   0,    0) (   0,    0) (   0,    0) (   0,    0) (   0,    0) (   0,    0) (   0,    0) (   0,    0)
          (   0,    0) (   0,    0) (   0,    0) (   0,    0) (   0,    0) (   0,    0) (   0,    0) (   0,    0) (   0,    0) (   0,    0)
          (   0,    0) (   0,    0) (   0,    0) (   0,    0) (   0,    0) (   0,    0) (   0,    0) (   0,    0) (   0,    0) (   0,    0)
          (   0,    0) (   0,    0) (   0,    0) (   0,    0) (   0,    0) (   0,    0) (   0,    0) (   0,    0) (   0,    0) (   0,    0)
          (   0,    0) (   0,    0) (   0,    0) (   0,    0) (   0,    0) (   0,    0) (   0,    0) (   0,    0) (   0,    0) (   0,    0)
          (   0,    0) (   0,    0) (   0,    0) (   0,    0) (   0,    0) (   0,    0) (   0,    0) (   0,    0) (   0,    0) (   0,    0)
          (   0,    0) (   0,    0) (   0,    0) (   0,    0) (   0,    0) (   0,    0) (   0,    0) (   0,    0) (   0,    0) (   0,    0)
          (   0,    0) (   0,    0) (   0,    0) (   0,    0) (   0,    0) (   0,    0) (   0,    0) (   0,    0) (   0,    0) (   0,    0)
          (   0,    0) (   0,    0) (   0,    0) (   0,    0) (   0,    0) (   0,    0) (   0,    0) (   0,    0) (   0,    0) (   0,    0)
          (   0,    0) (   0,    0) (   0,    0) (   0,    0) (   0,    0) (   0,    0) (   0,    0) (   0,    0) (   0,    0) (   0,    0)
          (   0,    0) (   0,    0) (   0,    0) (   0,    0) (   0,    0) (   0,    0) (   0,    0) (   0,    0) (   0,    0) (   0,    0)
          (   0,    0) (   0,    0) (   0,    0) (   0,    0) (   0,    0) (   0,    0) (   0,    0) (   0,    0) (   0,    0) (   0,    0)
          (   0,    0) (   0,    0) (   0,    0) (   0,    0) (   0,    0) (   0,    0) (   0,    0) (   0,    0) (   0,    0) (   0,    0)
          (   0,    0) (   0,    0) (   0,    0) (   0,    0) (   0,    0) (   0,    0) (   0,    0) (   0,    0) (   0,    0) (   0,    0)
          (   0,    0) (   0,    0) (   0,    0) (   0,    0) (   0,    0) (   0,    0) (   0,    0) (   0,    0) (   0,    0) (   0,    0)
          (   0,    0) (   0,    0) (   0,    0) (   0,    0) (   0,    0) (   0,    0) (   0,    0) (   0,    0) (   0,    0) (   0,    0)
          (   0,    0) (   0,    0) (   0,    0) (   0,    0) (   0,    0) (   0,    0) (   0,    0) (   0,    0) (   0,    0) (   0,    0)
          (   0,    0) (   0,    0) (   0,    0) (   0,    0) (   0,    0) (   0,    0) (   0,    0) (   0,    0) (   0,    0) (   0,    0)
          (   0,    0) (   0,    0) (   0,    0) (   0,    0) (   0,    0) (   0,    0) (   0,    0) (   0,    0) (   0,    0) (   0,    0)
          (   0,    0) (   0,    0) (   0,    0) (   0,    0) (   0,    0) (   0,    0) (   0,    0) (   0,    0) (   0,    0) (   0,    0)
          (   0,    0) (   0,    0) (   0,    0) (   0,    0) (   0,    0) (   0,    0) (   0,    0) (   0,    0) (   0,    0) (   0,    0)
          (   0,    0) (   0,    0) (   0,    0) (   0,    0) (   0,    0) (   0,    0) (   0,    0) (   0,    0) (   0,    0) (   0,    0)
          (   0,    0) (   0,    0) (   0,    0) (   0,    0) (   0,    0) (   0,    0) (   0,    0) (   0,    0) (   0,    0) (   0,    0)
          (   0,    0) (   0,    0) (   0,    0) (   0,    0) (   0,    0) (   0,    0) (   0,    0) (   0,    0) (   0,    0) (   0,    0)
          (   0,    0) (   0,    0) (   0,    0) (   0,    0) (   0,    0) (   0,    0) (   0,    0) (   0,    0) (   0,    0) (   0,    0)
          (   0,    0) (   0,    0) (   0,    0) (   0,    0) (   0,    0) (   0,    0) (   0,    0) (   0,    0) (   0,    0) (   0,    0)
          (   0,    0) (   0,    0) (   0,    0) (   0,    0) (   0,    0) (   0,    0) (   0,    0) (   0,    0) (   0,    0) (   0,    0)
          (   0,    0) (   0,    0) (   0,    0) (   0,    0) (   0,    0) (   0,    0) (   0,    0) (   0,    0) (   0,    0) (   0,    0)
          (   0,    0) (   0,    0) (   0,    0) (   0,    0) (   0,    0) (   0,    0) (   0,    0) (   0,    0) (   0,    0) (   0,    0)
          (   0,    0) (   0,    0) (   0,    0) (   0,    0) (   0,    0) (   0,    0) (   0,    0) (   0,    0) (   0,    0) (   0,    0)
         
node   4 sent_total    169  recv_total    167

node   5  (   0,    0) (   1,    0) (   0,    0) (   1,    1) (   1,    0) (   1,    1) (   1,    1) (   1,    1) (   3,    3) (   2,    2)
          (   1,    1) (   2,    2) (   3,    3) (   1,    1) (   1,    1) (   1,    1) (   1,    1) (   3,    3) (   6,    6) (   2,    2)
          (   1,    1) (   2,    2) (   1,    1) (   2,    2) (   3,    3) (   5,    5) (   2,    2) (   1,    1) (   2,    2) (   2,    2)
          (   2,    2) (   1,    1) (   1,    1) (   3,    3) (   2,    2) (   2,    2) (   1,    1) (   1,    1) (   1,    1) (   1,    1)
          (   4,    4) (   3,    3) (   3,    3) (   1,    1) (   2,    2) (   4,    4) (   1,    1) (   3,    3) (   1,    1) (   1,    1)
          (   3,    3) (   2,    2) (   2,    2) (   0,    1) (   1,    1) (   3,    2) (   3,    3) (   2,    2) (   2,    2) (   1,    2)
          (   2,    1) (   2,    2) (   1,    1) (   1,    1) (   1,    1) (   2,    2) (   3,    4) (   2,    3) (   0,    1) (   2,    3)
          (   1,    0) (   4,    4) (   2,    1) (   1,    1) (   2,    2) (   2,    3) (   1,    1) (   2,    1) (   1,    1) (   1,    1)
          (   1,    1) (   1,    1) (   3,    4) (   1,    1) (   1,    1) (   1,    1) (   1,    2) (   4,    4) (   2,    1) (   1,    1)
          (   1,    1) (   2,    2) (   2,    2) (   2,    2) (   3,    3) (   1,    1) (   1,    0) (   2,    2) (   2,    2) (   2,    2)
          (   1,    2) (   1,    1) (   2,    2) (   2,    2) (   2,    2) (   2,    2) (   1,    1) (   0,    0) (   1,    1) (   1,    1)
          (   2,    2) (   1,    0) (   0,    1) (   0,    1) (   2,    1) (   1,    0) (   0,    1) (   1,    0) (   1,    1) (   1,    1)
          (   1,    0) (   2,    2) (   2,    2) (   2,    2) (   2,    2) (   1,    1) (   1,    1) (   1,    1) (   5,    5) (   2,    2)
          (   1,    1) (   4,    4) (   1,    2) (   3,    3) (   0,    1) (   1,    2) (   1,    0) (   1,    1) (   4,    4) (   1,    1)
          (   3,    3) (   3,    3) (   1,    3) (   1,    0) (   1,    0) (   1,    1) (   3,    3) (   1,    1) (   3,    3) (   3,    4)
          (   2,    2) (   2,    2) (   1,    1) (   3,    3) (   1,    2) (   1,    1) (   2,    1) (   2,    2) (   1,    1) (   1,    0)
          (   0,    1) (   0,    1) (   1,    0) (   0,    0) (   1,    1) (   1,    1) (   2,    2) (   2,    1) (   2,    2) (   0,    1)
          (   1,    1) (   2,    1) (   1,    2) (   2,    2) (   3,    3) (   2,    2) (   2,    2) (   2,    2) (   1,    2) (   1,    0)
          (   2,    2) (   2,    2) (   1,    1) (   3,    3) (   2,    2) (   3,    3) (   1,    1) (   3,    3) (   0,    1) (   2,    2)
          (   1,    0) (   2,    1) (   1,    1) (   1,    1) (   1,    1) (   1,    1) (   1,    2) (   1,    1) (   2,    2) (   2,    2)
          (   1,    1) (   3,    3) (   3,    3) (   2,    2) (   2,    2) (   2,    2) (   1,    1) (   1,    1) (   1,    1) (   1,    1)
          (   3,    3) (   1,    1) (   3,    3) (   2,    2) (   3,    3) (   3,    3) (   2,    2) (   1,    0) (   1,    0) (   3,    3)
          (   1,    1) (   5,    5) (   1,    1) (   1,    1) (   1,    1) (   2,    3) (   1,    1) (   1,    0) (   2,    2) (   2,    3)
          (   2,    2) (   1,    1) (   1,    1) (   1,    0) (   3,    3) (   3,    5) (   3,    2) (   1,    1) (   1,    1) (   2,    2)
          (   3,    3) (   2,    3) (   3,    3) (   2,    2) (   1,    2) (   2,    2) (   1,    0) (   3,    3) (   2,    2) (   2,    2)
          (   1,    1) (   1,    1) (   2,    2) (   1,    1) (   3,    3) (   2,    2) (   1,    1) (   2,    2) (   4,    4) (   1,    2)
          (   1,    1) (   2,    2) (   1,    1) (   1,    1) (   2,    2) (   2,    2) (   1,    1) (   1,    1) (   1,    0) (   4,    4)
          (   1,    0) (   1,    2) (   3,    3) (   3,    2) (   2,    2) (   2,    2) (   1,    1) (   2,    2) (   2,    2) (   1,    1)
          (   3,    3) (   2,    2) (   2,    2) (   2,    2) (   0,    1) (   1,    1) (   2,    1) (   1,    1) (   1,    2) (   2,    2)
          (   2,    3) (   1,    1) (   1,    0) (   2,    2) (   3,    3) (   1,    1) (   4,    4) (   0,    1) (   2,    2) (   2,    2)
          (   2,    1) (   1,    1) (   2,    2) (   1,    1) (   2,    2) (   2,    3) (   1,    1) (   1,    0) (   3,    3) (   1,    1)
          (   2,    2) (   2,    2) (   2,    2) (   2,    2) (   1,    1) (   2,    2) (   2,    2) (   2,    2) (   4,    4) (   1,    1)
          (   2,    2) (   3,    3) (   2,    2) (   2,    2) (   1,    1) (   2,    2) (   1,    2) (   1,    1) (   2,    1) (   1,    1)
          (   1,    1) (   1,    1) (   4,    4) (   3,    3) (   2,    2) (   1,    1) (   3,    3) (   3,    3) (   1,    1) (   3,    3)
          (   3,    3) (   2,    2) (   4,    4) (   2,    2) (   3,    3) (   1,    1) (   2,    2) (   2,    2) (   1,    1) (   1,    1)
          (   2,    2) (   1,    1) (   2,    2) (   1,    1) (   1,    1) (   2,    2) (   1,    1) (   2,    2) (   2,    2) (   2,    2)
          (   2,    2) (   3,    3) (   1,    1) (   1,    1) (   2,    2) (   2,    2) (   3,    3) (   2,    2) (   3,    3) (   1,    1)
          (   1,    1) (   3,    3) (   1,    1) (   2,    2) (   1,    1) (   2,    2) (   3,    3) (   1,    1) (   2,    2) (   1,    1)
          (   3,    3) (   2,    2) (   3,    3) (   2,    2) (   2,    2) (   3,    3) (   2,    2) (   2,    2) (   2,    2) (   2,    2)
          (   4,    4) (   1,    1) (   1,    1) (   4,    4) (   1,    1) (   2,    2) (   2,    2) (   2,    2) (   2,    2) (   2,    2)
          (   3,    3) (   3,    3) (   1,    1) (   1,    1) (   4,    4) (   1,    1) (   2,    2) (   2,    2) (   3,    3) (   1,    1)
          (   2,    2) (   1,    1) (   3,    3) (   3,    3) (   1,    1) (   1,    1) (   2,    2) (   1,    1) (   1,    1) (   2,    2)
          (   3,    3) (   1,    1) (   1,    1) (   3,    3) (   2,    2) (   1,    1) (   3,    3) (   1,    1) (   3,    3) (   6,    6)
          (   1,    1) (   3,    3) (   2,    2) (   2,    2) (   3,    3) (   3,    3) (   2,    2) (   1,    1) (   2,    2) (   1,    1)
          (   2,    2) (   1,    1) (   1,    1) (   1,    1) (   0,    1) (   0,    1) (   2,    1) (   2,    1) (   1,    1) (   2,    2)
          (   2,    2) (   2,    2) (   3,    3) (   1,    1) (   1,    1) (   1,    1) (   2,    2) (   0,    1) (   0,    1) (   2,    1)
          (   2,    1) (   1,    1) (   2,    2) (   2,    2) (   2,    2) (   2,    2) (   2,    2) (   1,    1) (   4,    4) (   2,    2)
          (   1,    1) (   2,    2) (   2,    2) (   2,    2) (   3,    3) (   1,    1) (   4,    4) (   4,    4) (   3,    3) (   1,    1)
          (   1,    1) (   5,    5) (   1,    1) (   3,    3) (   3,    3) (   3,    3) (   1,    1) (   2,    2) (   1,    1) (   1,    1)
          (   2,    2) (   0,    1) (   3,    3) (   2,    1) (   1,    1) (   1,    1) (   2,    2) (   3,    3) (   1,    1) (   2,    2)
          (   3,    3) (   3,    3) (   1,    1) (   1,    1) (   1,    1) (   1,    1) (   2,    2) (   2,    2) (   2,    2) (   2,    2)
          (   1,    1) (   1,    1) (   3,    3) (   2,    2) (   3,    3) (   2,    2) (   2,    2) (   2,    2) (   2,    2) (   3,    3)
          (   3,    3) (   2,    2) (   3,    3) (   2,    2) (   2,    2) (   2,    2) (   5,    5) (   2,    2) (   1,    1) (   1,    1)
          (   1,    1) (   1,    1) (   1,    1) (   0,    1) (   0,    1) (   2,    1) (   3,    2) (   1,    1) (   1,    1) (   3,    3)
          (   1,    1) (   1,    1) (   2,    2) (   1,    1) (   3,    3) (   3,    3) (   3,    3) (   1,    1) (   3,    3) (   2,    2)
          (   2,    2) (   1,    1) (   4,    4) (   4,    4) (   2,    2) (   2,    2) (   2,    2) (   1,    1) (   3,    3) (   1,    1)
          (   2,    2) (   2,    2) (   3,    3) (   2,    2) (   4,    4) (   3,    3) (   3,    3) (   2,    2) (   2,    2) (   3,    3)
          (   4,    4) (   3,    3) (   4,    4) (   2,    2) (   1,    1) (   2,    2) (   1,    1) (   1,    1) (   4,    4) (   1,    1)
          (   4,    4) (   2,    2) (   3,    3) (   1,    1) (   1,    1) (   2,    2) (   2,    2) (   2,    2) (   2,    2) (   3,    3)
          (   2,    2) (   2,    2) (   2,    2) (   2,    2) (   2,    2) (   3,    3) (   2,    2) (   3,    3) (   2,    2) (   3,    3)
          (   5,    5) (   1,    1) (   1,    1) (   2,    2) (   1,    1) (   2,    2) (   4,    4) (   2,    2) (   2,    2) (   2,    2)
          (   1,    1) (   2,    2) (   2,    2) (   1,    1) (   2,    2) (   2,    2) (   3,    3) (   2,    2) (   1,    1) (   1,    1)
          (   3,    3) (   2,    2) (   4,    4) (   3,    3) (   2,    2) (   2,    2) (   1,    1) (   2,    2) (   1,    1) (   1,    1)
          (   3,    3) (   1,    1) (   2,    2) (   3,    3) (   4,    4) (   2,    2) (   2,    2) (   3,    3) (   2,    2) (   1,    1)
          (   2,    2) (   1,    1) (   1,    1) (   1,    1) (   2,    2) (   4,    4) (   4,    4) (   3,    3) (   2,    2) (   1,    1)
          (   2,    2) (   3,    3) (   1,    1) (   1,    1) (   2,    2) (   2,    2) (   1,    1) (   2,    2) (   1,    1) (   3,    3)
          (   2,    2) (   1,    1) (   1,    1) (   3,    3) (   2,    2) (   3,    3) (   1,    1) (   1,    1) (   1,    1) (   2,    2)
          (   1,    1) (   2,    2) (   1,    1) (   1,    1) (   1,    1) (   1,    1) (   1,    1) (   2,    2) (   1,    1) (   2,    2)
          (   2,    2) (   3,    3) (   2,    2) (   1,    1) (   2,    2) (   1,    1) (   2,    2) (   1,    1) (   1,    1) (   1,    1)
          (   3,    3) (   1,    1) (   2,    2) (   2,    2) (   3,    3) (   1,    1) (   1,    1) (   3,    3) (   1,    1) (   1,    1)
         
node   5 sent_total   1289  recv_total   1291

node   6  (   0,    0) (   1,    0) (   0,    0) (   1,    1) (   1,    0) (   1,    1) (   1,    1) (   2,    2) (   2,    2) (   3,    3)
          (   1,    1) (   1,    1) (   1,    1) (   2,    2) (   3,    3) (   3,    3) (   2,    2) (   1,    1) (   1,    1) (   1,    1)
          (   2,    2) (   2,    2) (   2,    2) (   3,    3) (   1,    1) (   2,    2) (   2,    2) (   1,    1) (   2,    2) (   2,    2)
          (   2,    2) (   1,    1) (   3,    3) (   2,    2) (   2,    2) (   2,    2) (   2,    2) (   2,    2) (   3,    3) (   3,    3)
          (   3,    3) (   1,    1) (   1,    1) (   4,    4) (   2,    2) (   2,    2) (   2,    2) (   4,    4) (   3,    3) (   2,    2)
          (   2,    2) (   3,    4) (   1,    1) (   1,    0) (   3,    2) (   1,    2) (   1,    1) (   3,    2) (   3,    3) (   2,    2)
          (   3,    2) (   1,    1) (   4,    4) (   3,    3) (   2,    2) (   3,    3) (   1,    0) (   1,    2) (   2,    2) (   3,    3)
          (   3,    2) (   2,    2) (   3,    3) (   2,    3) (   0,    1) (   1,    1) (   3,    2) (   1,    1) (   2,    3) (   1,    1)
          (   1,    0) (   2,    2) (   1,    1) (   2,    1) (   1,    0) (   1,    1) (   3,    3) (   1,    2) (   2,    2) (   1,    0)
          (   1,    2) (   2,    2) (   2,    2) (   1,    0) (   2,    2) (   1,    1) (   3,    4) (   1,    0) (   1,    1) (   1,    1)
          (   0,    1) (   3,    3) (   1,    0) (   2,    2) (   4,    5) (   2,    3) (   3,    2) (   1,    1) (   2,    1) (   1,    1)
          (   1,    2) (   0,    1) (   3,    2) (   1,    0) (   2,    2) (   2,    2) (   2,    2) (   1,    1) (   1,    1) (   1,    1)
          (   1,    1) (   1,    1) (   1,    2) (   0,    0) (   2,    3) (   0,    0) (   0,    1) (   1,    0) (   1,    0) (   1,    1)
          (   1,    1) (   2,    2) (   2,    2) (   1,    2) (   2,    2) (   1,    0) (   2,    2) (   1,    1) (   2,    2) (   1,    1)
          (   0,    1) (   2,    2) (   2,    2) (   1,    2) (   2,    2) (   1,    1) (   2,    2) (   3,    3) (   1,    1) (   1,    1)
          (   2,    2) (   1,    1) (   3,    3) (   2,    3) (   2,    2) (   1,    1) (   5,    5) (   2,    2) (   2,    3) (   2,    2)
          (   1,    0) (   2,    2) (   1,    1) (   1,    1) (   3,    3) (   2,    2) (   3,    2) (   4,    4) (   1,    1) (   2,    2)
          (   2,    2) (   1,    1) (   2,    3) (   2,    2) (   2,    1) (   1,    1) (   2,    2) (   1,    2) (   1,    1) (   2,    2)
          (   1,    2) (   1,    1) (   1,    0) (   0,    1) (   2,    2) (   0,    0) (   0,    1) (   2,    1) (   1,    0) (   2,    2)
          (   1,    1) (   2,    2) (   0,    1) (   1,    1) (   3,    2) (   2,    2) (   2,    2) (   3,    3) (   2,    2) (   2,    2)
          (   2,    2) (   3,    3) (   2,    2) (   1,    1) (   1,    0) (   2,    2) (   0,    1) (   2,    1) (   5,    4) (   1,    0)
          (   4,    4) (   1,    1) (   3,    3) (   1,    1) (   1,    1) (   1,    2) (   1,    1) (   1,    0) (   1,    1) (   1,    1)
          (   4,    4) (   1,    1) (   2,    2) (   1,    1) (   2,    2) (   1,    0) (   1,    1) (   2,    2) (   1,    1) (   3,    3)
          (   1,    1) (   1,    1) (   2,    2) (   2,    2) (   1,    1) (   2,    2) (   1,    1) (   3,    2) (   1,    0) (   2,    3)
          (   2,    2) (   2,    1) (   2,    2) (   4,    4) (   3,    3) (   1,    1) (   2,    2) (   1,    1) (   2,    2) (   1,    1)
          (   4,    4) (   1,    1) (   1,    1) (   1,    1) (   1,    1) (   1,    1) (   0,    1) (   3,    3) (   1,    0) (   1,    1)
          (   1,    1) (   3,    3) (   2,    2) (   2,    1) (   1,    1) (   1,    2) (   1,    2) (   3,    3) (   1,    0) (   1,    1)
          (   2,    3) (   3,    3) (   0,    1) (   0,    1) (   2,    1) (   0,    0) (   3,    3) (   1,    0) (   1,    1) (   1,    3)
          (   1,    1) (   2,    1) (   1,    1) (   5,    5) (   1,    2) (   1,    1) (   3,    2) (   3,    3) (   4,    4) (   2,    2)
          (   1,    2) (   2,    2) (   1,    0) (   3,    3) (   2,    2) (   1,    1) (   2,    2) (   2,    2) (   1,    1) (   1,    1)
          (   2,    2) (   2,    2) (   1,    1) (   3,    3) (   3,    3) (   2,    2) (   2,    2) (   2,    2) (   1,    1) (   2,    2)
          (   3,    3) (   1,    1) (   3,    3) (   2,    2) (   2,    2) (   2,    2) (   3,    3) (   2,    2) (   2,    2) (   2,    2)
          (   2,    2) (   1,    1) (   3,    3) (   1,    1) (   2,    2) (   2,    2) (   1,    1) (   5,    5) (   3,    3) (   1,    1)
          (   1,    1) (   1,    1) (   2,    2) (   2,    2) (   4,    4) (   2,    2) (   3,    3) (   2,    2) (   2,    2) (   1,    1)
          (   1,    1) (   3,    3) (   2,    2) (   4,    4) (   1,    1) (   3,    3) (   2,    2) (   1,    1) (   4,    4) (   2,    2)
          (   2,    2) (   3,    3) (   2,    2) (   3,    3) (   2,    2) (   1,    1) (   1,    1) (   2,    2) (   1,    1) (   2,    2)
          (   3,    3) (   2,    2) (   2,    2) (   1,    1) (   1,    1) (   2,    2) (   1,    1) (   1,    1) (   2,    2) (   2,    2)
          (   1,    1) (   1,    1) (   4,    4) (   1,    1) (   2,    2) (   2,    2) (   1,    1) (   1,    1) (   2,    2) (   3,    3)
          (   1,    1) (   2,    2) (   2,    2) (   2,    2) (   2,    2) (   4,    4) (   1,    1) (   4,    4) (   1,    1) (   3,    3)
          (   2,    2) (   0,    1) (   1,    1) (   2,    1) (   2,    2) (   4,    4) (   2,    2) (   3,    3) (   2,    2) (   1,    1)
          (   2,    2) (   2,    2) (   2,    2) (   1,    1) (   1,    1) (   2,    2) (   1,    1) (   3,    3) (   3,    3) (   2,    2)
          (   1,    1) (   2,    2) (   1,    1) (   2,    2) (   1,    1) (   2,    2) (   2,    2) (   1,    1) (   3,    3) (   3,    3)
          (   1,    1) (   1,    1) (   0,    1) (   1,    1) (   4,    3) (   1,    1) (   1,    1) (   2,    2) (   2,    2) (   1,    1)
          (   2,    2) (   1,    1) (   1,    1) (   2,    2) (   2,    2) (   2,    2) (   5,    5) (   1,    1) (   1,    1) (   1,    1)
          (   1,    1) (   1,    1) (   1,    1) (   5,    5) (   3,    3) (   3,    3) (   2,    2) (   1,    1) (   3,    3) (   3,    3)
          (   2,    2) (   2,    2) (   1,    1) (   1,    1) (   3,    3) (   2,    2) (   4,    4) (   3,    3) (   1,    1) (   1,    1)
          (   2,    2) (   1,    1) (   3,    3) (   1,    1) (   1,    1) (   3,    3) (   1,    1) (   2,    2) (   1,    1) (   1,    1)
          (   1,    1) (   2,    2) (   1,    1) (   2,    2) (   0,    1) (   1,    1) (   2,    1) (   3,    3) (   3,    3) (   3,    3)
          (   2,    2) (   1,    1) (   2,    2) (   1,    1) (   2,    2) (   2,    2) (   2,    2) (   3,    3) (   2,    2) (   1,    1)
          (   1,    1) (   2,    2) (   1,    1) (   0,    1) (   2,    2) (   1,    0) (   1,    1) (   0,    1) (   2,    2) (   2,    1)
          (   2,    2) (   2,    2) (   2,    2) (   1,    1) (   2,    2) (   4,    4) (   1,    1) (   3,    3) (   2,    2) (   2,    2)
          (   1,    1) (   4,    4) (   1,    1) (   2,    2) (   2,    2) (   3,    3) (   1,    1) (   1,    1) (   2,    2) (   2,    2)
          (   3,    3) (   2,    2) (   4,    4) (   3,    3) (   1,    1) (   1,    1) (   2,    2) (   1,    1) (   2,    2) (   3,    3)
          (   4,    4) (   2,    2) (   1,    1) (   2,    2) (   3,    3) (   3,    3) (   1,    1) (   1,    1) (   3,    3) (   3,    3)
          (   2,    2) (   1,    1) (   2,    2) (   1,    1) (   2,    2) (   1,    1) (   2,    2) (   3,    3) (   2,    2) (   2,    2)
          (   2,    2) (   3,    3) (   3,    3) (   3,    3) (   1,    1) (   3,    3) (   3,    3) (   1,    1) (   2,    2) (   2,    2)
          (   2,    2) (   1,    1) (   1,    1) (   4,    4) (   2,    2) (   2,    2) (   3,    3) (   1,    1) (   3,    3) (   2,    2)
          (   4,    4) (   3,    3) (   1,    1) (   3,    3) (   1,    1) (   3,    3) (   2,    2) (   2,    2) (   3,    3) (   2,    2)
          (   1,    1) (   2,    2) (   1,    1) (   3,    3) (   1,    1) (   2,    2) (   3,    3) (   1,    1) (   2,    2) (   1,    1)
          (   2,    2) (   2,    2) (   3,    3) (   2,    2) (   2,    2) (   3,    3) (   1,    1) (   2,    2) (   4,    4) (   2,    2)
          (   2,    2) (   2,    2) (   3,    3) (   2,    2) (   2,    2) (   2,    2) (   3,    3) (   1,    1) (   1,    1) (   2,    2)
          (   2,    2) (   1,    1) (   3,    3) (   2,    2) (   3,    3) (   1,    1) (   4,    4) (   4,    4) (   1,    1) (   1,    1)
          (   2,    2) (   2,    2) (   1,    1) (   1,    1) (   3,    3) (   1,    1) (   4,    4) (   3,    3) (   4,    4) (   2,    2)
          (   4,    4) (   2,    2) (   3,    3) (   2,    2) (   1,    1) (   3,    3) (   2,    2) (   3,    3) (   1,    1) (   1,    1)
          (   1,    1) (   2,    2) (   3,    3) (   2,    2) (   1,    1) (   1,    1) (   1,    1) (   2,    2) (   1,    1) (   3,    3)
          (   1,    1) (   2,    2) (   1,    1) (   2,    2) (   4,    4) (   3,    3) (   1,    1) (   2,    2) (   1,    1) (   3,    3)
          (   3,    3) (   2,    2) (   3,    3) (   2,    2) (   1,    1) (   3,    3) (   2,    2) (   2,    2) (   1,    1) (   1,    1)
          (   3,    3) (   1,    1) (   1,    1) (   2,    2) (   3,    3) (   3,    3) (   2,    2) (   2,    2) (   2,    2) (   2,    2)
          (   1,    1) (   3,    3) (   3,    3) (   3,    3) (   2,    2) (   1,    1) (   2,    2) (   2,    2) (   1,    1) (   1,    1)
          (   3,    3) (   1,    1) (   3,    3) (   1,    1) (   1,    1) (   3,    3) (   2,    2) (   1,    1) (   1,    1) (   2,    2)
         
node   6 sent_total   1301  recv_total   1295

node   7  (   0,    0) (   1,    0) (   0,    0) (   1,    1) (   2,    1) (   2,    2) (   3,    3) (   1,    1) (   4,    4) (   2,    2)
          (   2,    2) (   2,    2) (   3,    3) (   3,    3) (   2,    2) (   1,    1) (   2,    2) (   2,    2) (   3,    3) (   1,    1)
          (   3,    3) (   2,    2) (   1,    1) (   1,    1) (   2,    2) (   1,    1) (   2,    2) (   3,    3) (   3,    3) (   1,    1)
          (   5,    5) (   2,    2) (   3,    3) (   2,    2) (   1,    1) (   3,    3) (   2,    2) (   2,    2) (   1,    1) (   3,    3)
          (   2,    2) (   3,    3) (   2,    2) (   2,    2) (   2,    2) (   2,    2) (   2,    2) (   1,    1) (   3,    3) (   5,    5)
          (   1,    1) (   1,    1) (   3,    3) (   2,    3) (   3,    3) (   1,    1) (   1,    1) (   2,    2) (   2,    2) (   1,    1)
          (   1,    1) (   1,    1) (   2,    2) (   4,    4) (   1,    2) (   1,    1) (   2,    1) (   2,    2) (   2,    2) (   1,    1)
          (   1,    1) (   2,    2) (   2,    2) (   1,    2) (   3,    3) (   1,    1) (   2,    2) (   2,    2) (   1,    1) (   0,    1)
          (   1,    1) (   2,    1) (   2,    2) (   2,    2) (   1,    1) (   2,    2) (   1,    1) (   1,    2) (   2,    2) (   2,    2)
          (   1,    1) (   0,    1) (   0,    1) (   1,    1) (   2,    1) (   1,    0) (   1,    1) (   2,    2) (   1,    2) (   2,    1)
          (   2,    1) (   1,    1) (   2,    3) (   0,    1) (   0,    0) (   1,    0) (   2,    1) (   2,    2) (   1,    1) (   0,    1)
          (   1,    0) (   1,    1) (   1,    1) (   3,    2) (   0,    1) (   1,    1) (   1,    0) (   0,    0) (   1,    2) (   0,    0)
          (   2,    1) (   2,    1) (   2,    2) (   1,    1) (   3,    3) (   2,    2) (   2,    2) (   0,    1) (   1,    1) (   2,    1)
          (   3,    3) (   2,    2) (   3,    3) (   4,    4) (   2,    2) (   3,    3) (   1,    1) (   1,    2) (   1,    2) (   1,    1)
          (   1,    0) (   0,    1) (   2,    2) (   1,    0) (   1,    0) (   3,    3) (   2,    2) (   2,    1) (   1,    1) (   2,    2)
          (   0,    0) (   4,    4) (   2,    2) (   3,    3) (   1,    2) (   1,    0) (   1,    2) (   1,    1) (   1,    1) (   2,    2)
          (   0,    1) (   1,    0) (   1,    0) (   2,    2) (   1,    1) (   1,    1) (   1,    1) (   1,    0) (   1,    2) (   3,    3)
          (   2,    1) (   2,    2) (   3,    3) (   1,    0) (   1,    2) (   2,    2) (   1,    2) (   0,    1) (   2,    1) (   3,    2)
          (   2,    2) (   1,    1) (   1,    1) (   2,    2) (   2,    1) (   2,    2) (   1,    1) (   1,    1) (   6,    6) (   3,    3)
          (   3,    3) (   2,    2) (   1,    1) (   2,    2) (   1,    1) (   3,    4) (   1,    1) (   1,    1) (   1,    1) (   2,    2)
          (   1,    1) (   3,    3) (   1,    2) (   1,    2) (   1,    0) (   2,    2) (   1,    2) (   2,    2) (   1,    0) (   2,    2)
          (   1,    1) (   2,    2) (   3,    2) (   2,    2) (   1,    2) (   3,    3) (   1,    2) (   1,    0) (   2,    2) (   2,    2)
          (   3,    3) (   1,    1) (   1,    2) (   3,    3) (   2,    2) (   0,    1) (   1,    2) (   0,    0) (   1,    0) (   0,    0)
          (   0,    1) (   2,    1) (   2,    2) (   1,    2) (   1,    0) (   1,    0) (   3,    3) (   1,    1) (   1,    1) (   1,    1)
          (   1,    0) (   2,    3) (   2,    1) (   2,    2) (   0,    1) (   1,    1) (   3,    2) (   2,    2) (   3,    3) (   1,    1)
          (   1,    1) (   2,    3) (   1,    2) (   1,    1) (   0,    1) (   2,    2) (   2,    2) (   1,    1) (   1,    1) (   1,    2)
          (   1,    1) (   1,    1) (   2,    2) (   2,    1) (   1,    2) (   1,    2) (   2,    1) (   2,    2) (   2,    1) (   1,    1)
          (   2,    2) (   2,    2) (   1,    1) (   1,    1) (   1,    1) (   1,    1) (   1,    1) (   2,    2) (   2,    2) (   1,    1)
          (   1,    0) (   1,    1) (   2,    2) (   1,    1) (   1,    1) (   1,    1) (   3,    3) (   3,    3) (   1,    1) (   1,    1)
          (   4,    4) (   2,    2) (   2,    3) (   1,    1) (   2,    2) (   1,    1) (   0,    1) (   0,    1) (   2,    2) (   2,    1)
          (   1,    1) (   2,    1) (   1,    1) (   2,    2) (   3,    3) (   1,    1) (   2,    2) (   1,    1) (   2,    2) (   2,    2)
          (   2,    2) (   3,    3) (   2,    2) (   1,    1) (   1,    1) (   1,    1) (   2,    2) (   1,    1) (   2,    2) (   1,    1)
          (   1,    1) (   3,    3) (   2,    2) (   3,    3) (   1,    1) (   3,    3) (   1,    1) (   1,    1) (   3,    3) (   4,    4)
          (   1,    1) (   2,    2) (   3,    3) (   2,    2) (   2,    2) (   4,    4) (   1,    1) (   3,    3) (   3,    3) (   2,    2)
          (   2,    2) (   1,    1) (   1,    1) (   0,    1) (   2,    2) (   2,    1) (   1,    1) (   2,    2) (   1,    1) (   3,    3)
          (   2,    2) (   2,    2) (   3,    3) (   3,    3) (   1,    1) (   1,    1) (   2,    2) (   2,    2) (   2,    2) (   2,    2)
          (   1,    1) (   2,    2) (   1,    1) (   1,    1) (   2,    2) (   1,    1) (   1,    1) (   3,    3) (   1,    1) (   3,    3)
          (   2,    2) (   1,    1) (   3,    3) (   2,    2) (   1,    1) (   1,    1) (   2,    2) (   2,    2) (   1,    1) (   2,    2)
          (   2,    2) (   2,    2) (   1,    1) (   2,    2) (   2,    2) (   1,    1) (   0,    1) (   2,    2) (   3,    2) (   1,    1)
          (   2,    2) (   3,    3) (   2,    2) (   1,    1) (   2,    2) (   1,    1) (   2,    2) (   1,    1) (   1,    1) (   2,    2)
          (   3,    3) (   1,    1) (   2,    2) (   1,    1) (   1,    1) (   3,    3) (   3,    3) (   3,    3) (   1,    1) (   2,    2)
          (   1,    1) (   3,    3) (   1,    1) (   2,    2) (   3,    3) (   4,    4) (   2,    2) (   2,    2) (   3,    3) (   2,    2)
          (   2,    2) (   1,    1) (   2,    2) (   1,    1) (   1,    1) (   2,    2) (   1,    1) (   1,    1) (   1,    1) (   1,    1)
          (   3,    3) (   1,    1) (   2,    2) (   2,    2) (   2,    2) (   2,    2) (   1,    1) (   3,    3) (   2,    2) (   4,    4)
          (   2,    2) (   1,    1) (   2,    2) (   3,    3) (   2,    2) (   2,    2) (   1,    1) (   2,    2) (   2,    2) (   1,    1)
          (   4,    4) (   2,    2) (   3,    3) (   1,    1) (   2,    2) (   1,    1) (   2,    2) (   3,    3) (   1,    1) (   2,    2)
          (   1,    1) (   1,    1) (   2,    2) (   2,    2) (   3,    3) (   1,    1) (   1,    1) (   1,    1) (   0,    1) (   2,    2)
          (   3,    2) (   1,    1) (   3,    3) (   2,    2) (   4,    4) (   3,    3) (   2,    2) (   1,    1) (   2,    2) (   3,    3)
          (   1,    1) (   1,    1) (   3,    3) (   2,    2) (   1,    1) (   1,    1) (   3,    3) (   3,    3) (   3,    3) (   3,    3)
          (   1,    1) (   2,    2) (   3,    3) (   2,    2) (   2,    2) (   2,    2) (   2,    2) (   1,    1) (   1,    1) (   2,    2)
          (   3,    3) (   1,    1) (   3,    3) (   2,    2) (   1,    1) (   2,    2) (   2,    2) (   2,    2) (   1,    1) (   2,    2)
          (   1,    1) (   3,    3) (   2,    2) (   2,    2) (   2,    2) (   3,    3) (   3,    3) (   1,    1) (   1,    1) (   2,    2)
          (   1,    1) (   1,    1) (   2,    2) (   0,    1) (   0,    1) (   2,    1) (   2,    1) (   4,    4) (   2,    2) (   1,    1)
          (   1,    1) (   2,    2) (   3,    3) (   3,    3) (   1,    1) (   1,    1) (   2,    2) (   2,    2) (   5,    5) (   1,    1)
          (   5,    5) (   3,    3) (   2,    2) (   4,    4) (   2,    2) (   5,    5) (   1,    1) (   1,    1) (   1,    1) (   2,    2)
          (   2,    2) (   2,    2) (   2,    2) (   1,    1) (   1,    1) (   2,    2) (   2,    2) (   1,    1) (   2,    2) (   2,    2)
          (   1,    1) (   2,    2) (   2,    2) (   1,    1) (   1,    1) (   1,    1) (   1,    1) (   3,    3) (   2,    2) (   3,    3)
          (   1,    1) (   2,    2) (   2,    2) (   1,    1) (   3,    3) (   1,    1) (   3,    3) (   4,    4) (   1,    1) (   2,    2)
          (   1,    1) (   2,    2) (   2,    2) (   2,    2) (   1,    1) (   1,    1) (   1,    1) (   1,    1) (   2,    2) (   1,    1)
          (   1,    1) (   3,    3) (   1,    1) (   2,    2) (   1,    1) (   2,    2) (   1,    1) (   4,    4) (   1,    1) (   1,    1)
          (   2,    2) (   1,    1) (   2,    2) (   3,    3) (   3,    3) (   2,    2) (   2,    2) (   3,    3) (   3,    3) (   4,    4)
          (   2,    2) (   1,    1) (   2,    2) (   2,    2) (   1,    1) (   1,    1) (   1,    1) (   1,    1) (   2,    2) (   2,    2)
          (   1,    1) (   2,    2) (   2,    2) (   4,    4) (   2,    2) (   3,    3) (   1,    1) (   1,    1) (   1,    1) (   2,    2)
          (   2,    2) (   5,    5) (   3,    3) (   1,    1) (   2,    2) (   2,    2) (   2,    2) (   2,    2) (   3,    3) (   1,    1)
          (   4,    4) (   1,    1) (   2,    2) (   3,    3) (   1,    1) (   2,    2) (   3,    3) (   3,    3) (   3,    3) (   3,    3)
          (   2,    2) (   2,    2) (   1,    1) (   3,    3) (   2,    2) (   3,    3) (   1,    1) (   1,    1) (   2,    2) (   1,    1)
          (   1,    1) (   1,    1) (   4,    4) (   2,    2) (   3,    3) (   2,    2) (   1,    1) (   3,    3) (   3,    3) (   2,    2)
          (   2,    2) (   3,    3) (   2,    2) (   3,    3) (   1,    1) (   2,    2) (   1,    1) (   3,    3) (   1,    1) (   1,    1)
          (   2,    2) (   2,    2) (   1,    1) (   2,    2) (   1,    1) (   2,    2) (   3,    3) (   2,    2) (   2,    2) (   5,    5)
          (   1,    1) (   5,    5) (   1,    1) (   1,    1) (   2,    2) (   2,    2) (   2,    2) (   1,    1) (   2,    2) (   2,    2)
         
node   7 sent_total   1249  recv_total   1249

node   8  (   0,    0) (   1,    0) (   0,    0) (   2,    2) (   2,    1) (   2,    2) (   1,    1) (   1,    1) (   2,    2) (   2,    2)
          (   2,    2) (   1,    1) (   2,    2) (   2,    2) (   1,    1) (   0,    1) (   1,    1) (   1,    0) (   0,    1) (   2,    2)
          (   2,    1) (   2,    2) (   2,    2) (   1,    1) (   3,    3) (   1,    1) (   3,    3) (   3,    3) (   1,    1) (   3,    3)
          (   1,    1) (   3,    3) (   2,    2) (   2,    2) (   2,    2) (   3,    3) (   3,    3) (   3,    3) (   2,    2) (   1,    1)
          (   1,    1) (   2,    2) (   3,    3) (   1,    1) (   1,    1) (   2,    2) (   1,    1) (   1,    1) (   3,    3) (   1,    1)
          (   2,    2) (   1,    1) (   2,    3) (   2,    2) (   2,    2) (   2,    2) (   2,    2) (   2,    2) (   1,    1) (   2,    2)
          (   3,    3) (   1,    1) (   2,    2) (   2,    2) (   2,    2) (   1,    1) (   1,    1) (   1,    1) (   1,    0) (   2,    2)
          (   1,    1) (   1,    1) (   2,    2) (   1,    1) (   1,    1) (   2,    2) (   2,    2) (   1,    1) (   0,    1) (   1,    1)
          (   1,    0) (   2,    2) (   2,    2) (   1,    1) (   2,    3) (   1,    1) (   1,    0) (   2,    2) (   2,    1) (   3,    4)
          (   2,    2) (   2,    2) (   1,    1) (   2,    2) (   2,    2) (   3,    3) (   1,    3) (   1,    1) (   3,    2) (   2,    2)
          (   2,    2) (   1,    1) (   1,    2) (   3,    3) (   1,    1) (   1,    1) (   1,    2) (   2,    2) (   3,    3) (   0,    1)
          (   2,    2) (   2,    1) (   1,    1) (   3,    3) (   1,    2) (   3,    3) (   1,    2) (   2,    2) (   4,    3) (   3,    5)
          (   1,    0) (   1,    0) (   1,    2) (   2,    2) (   2,    1) (   2,    1) (   0,    1) (   2,    3) (   1,    0) (   2,    2)
          (   2,    2) (   1,    1) (   2,    2) (   1,    1) (   2,    2) (   3,    3) (   2,    1) (   2,    1) (   1,    1) (   2,    2)
          (   2,    3) (   2,    2) (   1,    0) (   1,    1) (   1,    1) (   3,    3) (   2,    2) (   3,    3) (   1,    2) (   1,    2)
          (   2,    2) (   2,    1) (   4,    4) (   2,    3) (   2,    2) (   2,    2) (   1,    1) (   3,    3) (   1,    2) (   1,    2)
          (   1,    1) (   1,    0) (   2,    2) (   2,    2) (   2,    2) (   1,    3) (   1,    1) (   1,    0) (   2,    2) (   3,    3)
          (   5,    5) (   1,    1) (   1,    1) (   1,    1) (   1,    2) (   0,    0) (   1,    1) (   3,    2) (   1,    1) (   0,    1)
          (   2,    1) (   1,    0) (   2,    1) (   2,    2) (   1,    1) (   3,    3) (   2,    2) (   0,    1) (   1,    1) (   1,    0)
          (   3,    3) (   1,    1) (   3,    3) (   2,    2) (   2,    1) (   2,    2) (   2,    2) (   2,    2) (   2,    2) (   3,    3)
          (   2,    1) (   1,    1) (   2,    2) (   2,    2) (   1,    1) (   2,    1) (   4,    4) (   1,    1) (   1,    2) (   0,    1)
          (   1,    1) (   2,    2) (   1,    1) (   4,    4) (   1,    1) (   2,    2) (   2,    2) (   1,    1) (   2,    2) (   2,    2)
          (   3,    3) (   1,    1) (   3,    3) (   1,    1) (   1,    0) (   2,    2) (   2,    2) (   1,    1) (   4,    4) (   1,    1)
          (   1,    1) (   2,    2) (   2,    2) (   2,    2) (   3,    3) (   3,    3) (   2,    2) (   3,    3) (   3,    3) (   1,    1)
          (   1,    1) (   3,    3) (   2,    2) (   2,    3) (   4,    4) (   1,    1) (   2,    3) (   1,    1) (   1,    0) (   2,    2)
          (   1,    1) (   3,    2) (   0,    1) (   2,    2) (   2,    1) (   2,    2) (   3,    3) (   1,    0) (   2,    2) (   3,    3)
          (   1,    1) (   1,    1) (   5,    4) (   2,    3) (   3,    3) (   1,    2) (   2,    1) (   2,    2) (   2,    3) (   2,    2)
          (   1,    1) (   0,    1) (   2,    2) (   1,    0) (   3,    2) (   1,    2) (   0,    1) (   0,    0) (   1,    0) (   0,    0)
          (   1,    1) (   1,    1) (   2,    2) (   1,    0) (   1,    1) (   2,    1) (   2,    2) (   1,    1) (   3,    3) (   1,    1)
          (   1,    1) (   3,    3) (   1,    1) (   4,    3) (   3,    3) (   1,    1) (   1,    1) (   2,    3) (   1,    1) (   0,    2)
          (   1,    1) (   1,    0) (   2,    2) (   1,    1) (   1,    1) (   1,    1) (   2,    2) (   1,    1) (   2,    2) (   1,    1)
          (   2,    2) (   1,    1) (   1,    1) (   1,    1) (   2,    2) (   2,    2) (   1,    1) (   3,    3) (   3,    3) (   1,    1)
          (   1,    1) (   1,    1) (   1,    1) (   2,    2) (   1,    1) (   1,    1) (   3,    3) (   2,    2) (   1,    1) (   3,    3)
          (   5,    5) (   2,    2) (   1,    1) (   2,    2) (   3,    3) (   2,    2) (   2,    2) (   2,    2) (   2,    2) (   1,    1)
          (   1,    1) (   1,    1) (   1,    1) (   0,    1) (   2,    2) (   2,    1) (   2,    2) (   1,    1) (   2,    2) (   3,    3)
          (   1,    1) (   1,    1) (   1,    1) (   3,    3) (   2,    2) (   2,    2) (   2,    2) (   1,    1) (   2,    2) (   1,    1)
          (   4,    4) (   2,    2) (   1,    1) (   3,    3) (   1,    1) (   2,    2) (   3,    3) (   3,    3) (   3,    3) (   2,    2)
          (   2,    2) (   2,    2) (   1,    1) (   4,    4) (   4,    4) (   1,    1) (   2,    2) (   2,    2) (   2,    2) (   3,    3)
          (   1,    1) (   1,    1) (   2,    2) (   2,    2) (   3,    3) (   2,    2) (   4,    4) (   1,    1) (   3,    3) (   2,    2)
          (   2,    2) (   4,    4) (   2,    2) (   2,    2) (   2,    2) (   2,    2) (   1,    1) (   1,    1) (   1,    1) (   2,    2)
          (   2,    2) (   3,    3) (   1,    1) (   3,    3) (   2,    2) (   2,    2) (   1,    1) (   2,    2) (   2,    2) (   3,    3)
          (   1,    1) (   1,    1) (   2,    2) (   1,    1) (   3,    3) (   2,    2) (   3,    3) (   4,    4) (   2,    2) (   2,    2)
          (   2,    2) (   4,    4) (   1,    1) (   1,    1) (   2,    2) (   4,    4) (   2,    2) (   4,    4) (   2,    2) (   1,    1)
          (   2,    2) (   2,    2) (   2,    2) (   1,    1) (   1,    1) (   2,    2) (   2,    2) (   1,    1) (   2,    2) (   3,    3)
          (   1,    1) (   2,    2) (   1,    1) (   1,    1) (   2,    2) (   2,    2) (   2,    2) (   2,    2) (   2,    2) (   2,    2)
          (   1,    1) (   3,    3) (   2,    2) (   1,    1) (   3,    3) (   3,    3) (   2,    2) (   2,    2) (   3,    3) (   3,    3)
          (   2,    2) (   3,    3) (   4,    4) (   3,    3) (   1,    1) (   4,    4) (   3,    3) (   1,    1) (   3,    3) (   1,    1)
          (   1,    1) (   5,    5) (   1,    1) (   1,    1) (   2,    2) (   3,    3) (   2,    2) (   1,    1) (   1,    1) (   1,    1)
          (   3,    3) (   1,    1) (   1,    1) (   1,    1) (   3,    3) (   3,    3) (   1,    1) (   1,    1) (   2,    2) (   2,    2)
          (   3,    3) (   5,    5) (   2,    2) (   3,    3) (   1,    1) (   3,    3) (   3,    3) (   2,    2) (   2,    2) (   2,    2)
          (   2,    2) (   2,    2) (   2,    2) (   5,    5) (   2,    2) (   3,    3) (   2,    2) (   2,    2) (   2,    2) (   4,    4)
          (   2,    2) (   1,    1) (   1,    1) (   2,    2) (   3,    3) (   2,    2) (   2,    2) (   1,    1) (   2,    2) (   3,    3)
          (   1,    1) (   2,    2) (   1,    1) (   3,    3) (   2,    2) (   2,    2) (   2,    2) (   2,    2) (   1,    1) (   1,    1)
          (   1,    1) (   1,    1) (   0,    1) (   2,    2) (   5,    4) (   2,    2) (   1,    1) (   2,    2) (   2,    2) (   1,    1)
          (   3,    3) (   1,    1) (   3,    3) (   2,    2) (   1,    1) (   2,    2) (   1,    1) (   2,    2) (   2,    2) (   2,    2)
          (   1,    1) (   2,    2) (   1,    1) (   1,    1) (   1,    1) (   1,    1) (   2,    2) (   3,    3) (   1,    1) (   2,    2)
          (   3,    3) (   3,    3) (   3,    3) (   3,    3) (   1,    1) (   2,    2) (   1,    1) (   2,    2) (   3,    3) (   1,    1)
          (   1,    1) (   1,    1) (   1,    1) (   2,    2) (   3,    3) (   1,    1) (   3,    3) (   2,    2) (   2,    2) (   3,    3)
          (   2,    2) (   2,    2) (   1,    1) (   2,    2) (   3,    3) (   3,    3) (   2,    2) (   1,    1) (   3,    3) (   2,    2)
          (   1,    1) (   2,    2) (   2,    2) (   2,    2) (   4,    4) (   1,    1) (   1,    1) (   2,    2) (   2,    2) (   2,    2)
          (   1,    1) (   3,    3) (   2,    2) (   3,    3) (   1,    1) (   2,    2) (   2,    2) (   2,    2) (   4,    4) (   2,    2)
          (   1,    1) (   3,    3) (   2,    2) (   5,    5) (   2,    2) (   1,    1) (   1,    1) (   2,    2) (   1,    1) (   2,    2)
          (   4,    4) (   1,    1) (   2,    2) (   1,    1) (   1,    1) (   4,    4) (   2,    2) (   2,    2) (   3,    3) (   3,    3)
          (   1,    1) (   2,    2) (   3,    3) (   2,    2) (   1,    1) (   1,    1) (   2,    2) (   1,    1) (   1,    1) (   2,    2)
          (   1,    1) (   4,    4) (   1,    1) (   2,    2) (   2,    2) (   2,    2) (   1,    1) (   2,    2) (   1,    1) (   2,    2)
          (   2,    2) (   2,    2) (   5,    5) (   3,    3) (   2,    2) (   1,    1) (   3,    3) (   2,    2) (   4,    4) (   3,    3)
          (   2,    2) (   2,    2) (   1,    1) (   2,    2) (   5,    5) (   2,    2) (   1,    1) (   2,    2) (   2,    2) (   1,    1)
          (   4,    4) (   1,    1) (   3,    3) (   2,    2) (   2,    2) (   2,    2) (   2,    2) (   1,    1) (   3,    3) (   1,    1)
          (   2,    2) (   2,    2) (   1,    1) (   1,    1) (   1,    1) (   2,    2) (   1,    1) (   1,    1) (   2,    2) (   2,    2)
          (   2,    2) (   1,    1) (   4,    4) (   2,    2) (   2,    2) (   1,    1) (   1,    1) (   3,    3) (   3,    3) (   1,    1)
         
node   8 sent_total   1306  recv_total   1305

node   9  (   0,    0) (   0,    0) (   1,    0) (   0,    0) (   1,    1) (   1,    0) (   1,    1) (   1,    1) (   1,    1) (   2,    2)
          (   1,    1) (   5,    5) (   1,    1) (   2,    2) (   1,    1) (   2,    2) (   1,    1) (   3,    3) (   1,    1) (   4,    4)
          (   2,    2) (   1,    1) (   2,    2) (   1,    1) (   3,    3) (   2,    2) (   1,    1) (   2,    2) (   1,    1) (   1,    1)
          (   1,    1) (   2,    2) (   2,    2) (   2,    2) (   2,    2) (   1,    1) (   3,    3) (   1,    1) (   1,    1) (   3,    3)
          (   2,    2) (   3,    3) (   1,    1) (   2,    2) (   2,    2) (   1,    1) (   3,    3) (   2,    2) (   1,    1) (   2,    2)
          (   1,    1) (   2,    2) (   1,    1) (   1,    2) (   3,    3) (   2,    1) (   5,    5) (   3,    3) (   0,    1) (   1,    1)
          (   1,    0) (   1,    1) (   0,    1) (   0,    1) (   3,    2) (   3,    2) (   1,    1) (   1,    2) (   3,    3) (   2,    1)
          (   1,    1) (   2,    1) (   2,    2) (   1,    1) (   1,    1) (   1,    1) (   2,    2) (   1,    0) (   3,    3) (   1,    1)
          (   3,    3) (   1,    1) (   2,    2) (   3,    2) (   3,    3) (   2,    3) (   1,    1) (   1,    0) (   1,    2) (   1,    1)
          (   2,    1) (   1,    0) (   0,    1) (   3,    2) (   2,    1) (   2,    2) (   1,    1) (   2,    2) (   2,    2) (   2,    2)
          (   3,    3) (   2,    2) (   1,    1) (   1,    1) (   1,    1) (   2,    1) (   1,    1) (   1,    1) (   0,    1) (   0,    0)
          (   2,    1) (   2,    1) (   2,    1) (   2,    2) (   3,    4) (   2,    2) (   1,    1) (   0,    1) (   3,    2) (   1,    0)
          (   1,    2) (   2,    3) (   2,    1) (   1,    1) (   0,    1) (   2,    2) (   4,    3) (   1,    1) (   3,    3) (   2,    2)
          (   2,    2) (   2,    3) (   2,    2) (   2,    2) (   1,    1) (   1,    1) (   3,    3) (   4,    4) (   2,    2) (   2,    2)
          (   2,    2) (   1,    1) (   2,    2) (   2,    2) (   2,    2) (   2,    2) (   1,    1) (   2,    3) (   1,    0) (   4,    3)
          (   2,    2) (   1,    1) (   3,    3) (   1,    0) (   1,    1) (   1,    1) (   2,    2) (   2,    2) (   2,    2) (   1,    1)
          (   2,    2) (   1,    1) (   0,    1) (   3,    3) (   3,    2) (   1,    1) (   3,    3) (   2,    2) (   1,    2) (   2,    2)
          (   1,    0) (   2,    2) (   0,    1) (   2,    2) (   2,    1) (   3,    3) (   1,    1) (   1,    2) (   1,    2) (   1,    0)
          (   1,    0) (   2,    3) (   1,    1) (   2,    2) (   3,    3) (   1,    1) (   2,    2) (   2,    2) (   1,    1) (   2,    2)
          (   1,    1) (   1,    2) (   2,    2) (   2,    2) (   2,    2) (   1,    1) (   2,    1) (   3,    3) (   1,    1) (   2,    2)
          (   3,    3) (   2,    2) (   2,    2) (   2,    2) (   1,    2) (   2,    2) (   1,    1) (   2,    1) (   1,    1) (   3,    3)
          (   1,    3) (   2,    1) (   0,    1) (   2,    2) (   2,    2) (   1,    1) (   2,    2) (   3,    3) (   3,    3) (   2,    2)
          (   2,    2) (   1,    1) (   1,    1) (   2,    2) (   1,    1) (   1,    1) (   3,    3) (   3,    3) (   2,    2) (   1,    1)
          (   1,    1) (   3,    3) (   2,    2) (   0,    1) (   0,    1) (   2,    1) (   1,    0) (   2,    2) (   1,    1) (   1,    1)
          (   1,    1) (   1,    2) (   2,    2) (   2,    1) (   3,    3) (   3,    3) (   2,    2) (   2,    2) (   1,    1) (   3,    3)
          (   2,    2) (   2,    2) (   1,    1) (   1,    0) (   2,    2) (   2,    2) (   2,    2) (   1,    1) (   3,    3) (   1,    2)
          (   2,    2) (   2,    1) (   2,    2) (   3,    3) (   2,    2) (   1,    2) (   1,    1) (   0,    0) (   1,    1) (   2,    1)
          (   1,    1) (   3,    3) (   1,    2) (   0,    1) (   3,    3) (   1,    0) (   2,    2) (   2,    2) (   2,    2) (   2,    2)
          (   2,    2) (   2,    2) (   2,    2) (   1,    1) (   4,    4) (   2,    2) (   1,    1) (   1,    1) (   2,    2) (   2,    2)
          (   1,    1) (   2,    2) (   4,    4) (   0,    1) (   3,    3) (   3,    2) (   1,    1) (   0,    1) (   2,    2) (   2,    3)
          (   2,    2) (   2,    1) (   4,    4) (   2,    2) (   1,    1) (   4,    4) (   2,    2) (   3,    3) (   3,    3) (   3,    3)
          (   1,    1) (   3,    3) (   3,    3) (   3,    3) (   2,    2) (   3,    3) (   1,    1) (   1,    1) (   1,    1) (   3,    3)
          (   2,    2) (   1,    1) (   2,    2) (   3,    3) (   4,    4) (   1,    1) (   2,    2) (   1,    1) (   3,    3) (   2,    2)
          (   2,    2) (   3,    3) (   2,    2) (   3,    3) (   1,    1) (   2,    2) (   2,    2) (   1,    1) (   2,    2) (   3,    3)
          (   2,    2) (   1,    1) (   1,    1) (   3,    3) (   3,    3) (   2,    2) (   2,    2) (   4,    4) (   2,    2) (   2,    2)
          (   1,    1) (   3,    3) (   1,    1) (   2,    2) (   3,    3) (   2,    2) (   5,    5) (   3,    3) (   3,    3) (   2,    2)
          (   2,    2) (   2,    2) (   3,    3) (   2,    2) (   3,    3) (   1,    1) (   1,    1) (   2,    2) (   1,    1) (   4,    4)
          (   3,    3) (   2,    2) (   2,    2) (   3,    3) (   2,    2) (   3,    3) (   3,    3) (   1,    1) (   3,    3) (   1,    1)
          (   1,    1) (   2,    2) (   2,    2) (   1,    1) (   1,    1) (   2,    2) (   3,    3) (   1,    1) (   1,    1) (   1,    1)
          (   1,    1) (   2,    2) (   3,    3) (   1,    1) (   2,    2) (   1,    1) (   1,    1) (   3,    3) (   3,    3) (   3,    3)
          (   2,    2) (   2,    2) (   2,    2) (   3,    3) (   2,    2) (   1,    1) (   2,    2) (   1,    1) (   2,    2) (   2,    2)
          (   2,    2) (   2,    2) (   1,    1) (   1,    1) (   1,    1) (   2,    2) (   2,    2) (   1,    1) (   2,    2) (   4,    4)
          (   1,    1) (   2,    2) (   2,    2) (   1,    1) (   1,    1) (   3,    3) (   2,    2) (   3,    3) (   1,    1) (   2,    2)
          (   2,    2) (   2,    2) (   3,    3) (   3,    3) (   3,    3) (   2,    2) (   1,    1) (   3,    3) (   1,    1) (   3,    3)
          (   1,    1) (   3,    3) (   3,    3) (   1,    1) (   2,    2) (   3,    3) (   1,    1) (   2,    2) (   1,    1) (   2,    2)
          (   1,    1) (   2,    2) (   4,    4) (   3,    3) (   2,    2) (   2,    2) (   1,    1) (   1,    1) (   0,    1) (   2,    2)
          (   1,    0) (   3,    3) (   1,    1) (   1,    1) (   1,    1) (   1,    1) (   2,    2) (   0,    1) (   1,    1) (   2,    1)
          (   3,    3) (   2,    2) (   2,    2) (   1,    1) (   1,    1) (   1,    1) (   2,    2) (   2,    2) (   2,    2) (   1,    1)
          (   2,    2) (   3,    3) (   1,    1) (   2,    2) (   1,    1) (   1,    1) (   4,    4) (   2,    2) (   2,    2) (   2,    2)
          (   1,    1) (   2,    2) (   1,    1) (   3,    3) (   4,    4) (   2,    2) (   3,    3) (   2,    2) (   2,    2) (   3,    3)
          (   1,    1) (   1,    1) (   2,    2) (   2,    2) (   1,    1) (   1,    1) (   1,    1) (   2,    2) (   1,    1) (   1,    1)
          (   3,    3) (   2,    2) (   2,    2) (   3,    3) (   1,    1) (   1,    1) (   2,    2) (   2,    2) (   2,    2) (   2,    2)
          (   1,    1) (   1,    1) (   1,    1) (   3,    3) (   2,    2) (   1,    1) (   1,    1) (   2,    2) (   2,    2) (   1,    1)
          (   1,    1) (   3,    3) (   3,    3) (   2,    2) (   1,    1) (   1,    1) (   2,    2) (   2,    2) (   1,    1) (   2,    2)
          (   1,    1) (   2,    2) (   3,    3) (   2,    2) (   1,    1) (   1,    1) (   2,    2) (   2,    2) (   2,    2) (   2,    2)
          (   3,    3) (   2,    2) (   1,    1) (   3,    3) (   3,    3) (   1,    1) (   2,    2) (   3,    3) (   2,    2) (   1,    1)
          (   3,    3) (   2,    2) (   1,    1) (   2,    2) (   1,    1) (   1,    1) (   1,    1) (   4,    4) (   1,    1) (   2,    2)
          (   1,    1) (   1,    1) (   2,    2) (   1,    1) (   2,    2) (   3,    3) (   3,    3) (   1,    1) (   1,    1) (   1,    1)
          (   2,    2) (   1,    1) (   4,    4) (   1,    1) (   1,    1) (   1,    1) (   1,    1) (   3,    3) (   1,    1) (   1,    1)
          (   4,    4) (   1,    1) (   2,    2) (   1,    1) (   2,    2) (   3,    3) (   3,    3) (   1,    1) (   1,    1) (   2,    2)
          (   2,    2) (   3,    3) (   2,    2) (   2,    2) (   2,    2) (   3,    3) (   1,    1) (   1,    1) (   2,    2) (   1,    1)
          (   2,    2) (   3,    3) (   2,    2) (   3,    3) (   2,    2) (   1,    1) (   1,    1) (   1,    1) (   2,    2) (   1,    1)
          (   1,    1) (   3,    3) (   1,    1) (   3,    3) (   2,    2) (   1,    1) (   2,    2) (   1,    1) (   3,    3) (   3,    3)
          (   2,    2) (   2,    2) (   2,    2) (   1,    1) (   2,    2) (   3,    3) (   2,    2) (   2,    2) (   1,    1) (   4,    4)
          (   2,    2) (   2,    2) (   1,    1) (   2,    2) (   2,    2) (   3,    3) (   1,    1) (   1,    1) (   1,    1) (   2,    2)
          (   1,    1) (   2,    2) (   1,    1) (   2,    2) (   1,    1) (   2,    2) (   3,    3) (   2,    2) (   3,    3) (   1,    1)
          (   2,    2) (   2,    2) (   1,    1) (   3,    3) (   3,    3) (   2,    2) (   3,    3) (   2,    2) (   1,    1) (   2,    2)
          (   2,    2) (   2,    2) (   3,    3) (   1,    1) (   3,    3) (   2,    2) (   6,    6) (   2,    2) (   4,    4) (   3,    3)
          (   4,    4) (   3,    3) (   4,    4) (   2,    2) (   4,    4) (   2,    2) (   2,    2) (   3,    3) (   1,    1) (   3,    3)
          (   2,    2) (   2,    2) (   2,    2) (   1,    1) (   3,    3) (   3,    3) (   1,    1) (   2,    2) (   2,    2) (   5,    5)
         
node   9 sent_total   1301  recv_total   1295

node  10  (   0,    0) (   0,    0) (   1,    0) (   0,    0) (   1,    1) (   3,    2) (   2,    2) (   1,    1) (   2,    2) (   2,    2)
          (   3,    3) (   1,    1) (   2,    2) (   2,    2) (   4,    4) (   2,    2) (   1,    1) (   2,    2) (   2,    2) (   2,    2)
          (   3,    3) (   1,    1) (   3,    3) (   2,    2) (   1,    1) (   2,    2) (   2,    2) (   2,    2) (   1,    1) (   1,    1)
          (   2,    2) (   2,    2) (   2,    2) (   2,    2) (   2,    2) (   3,    3) (   2,    2) (   2,    2) (   3,    3) (   1,    1)
          (   3,    3) (   2,    2) (   1,    1) (   2,    2) (   2,    2) (   2,    2) (   3,    3) (   2,    2) (   1,    1) (   2,    2)
          (   3,    3) (   2,    3) (   3,    2) (   1,    1) (   1,    1) (   1,    1) (   2,    2) (   1,    1) (   1,    1) (   1,    3)
          (   3,    3) (   0,    0) (   1,    1) (   1,    0) (   0,    1) (   2,    2) (   3,    2) (   1,    1) (   1,    0) (   2,    3)
          (   2,    2) (   1,    1) (   2,    2) (   1,    2) (   2,    2) (   1,    0) (   1,    1) (   3,    3) (   2,    2) (   2,    1)
          (   1,    1) (   4,    4) (   1,    1) (   1,    1) (   1,    1) (   1,    1) (   0,    1) (   2,    2) (   2,    1) (   2,    2)
          (   2,    1) (   2,    2) (   1,    1) (   1,    1) (   1,    1) (   1,    1) (   3,    3) (   2,    2) (   2,    1) (   2,    2)
          (   3,    3) (   1,    2) (   2,    2) (   1,    1) (   1,    1) (   1,    1) (   1,    1) (   2,    1) (   2,    2) (   2,    2)
          (   1,    1) (   1,    0) (   3,    3) (   2,    1) (   1,    1) (   2,    1) (   0,    1) (   1,    1) (   1,    0) (   1,    1)
          (   1,    1) (   0,    1) (   2,    2) (   2,    1) (   1,    1) (   1,    2) (   3,    3) (   1,    0) (   1,    1) (   2,    2)
          (   4,    4) (   1,    1) (   2,    2) (   1,    1) (   2,    2) (   1,    2) (   2,    2) (   2,    1) (   1,    0) (   3,    3)
          (   3,    3) (   1,    1) (   1,    0) (   3,    2) (   3,    3) (   2,    2) (   1,    1) (   1,    2) (   2,    2) (   1,    1)
          (   2,    2) (   2,    2) (   1,    1) (   2,    2) (   3,    2) (   2,    2) (   1,    1) (   2,    2) (   2,    2) (   3,    3)
          (   1,    1) (   1,    1) (   2,    2) (   2,    2) (   1,    1) (   2,    2) (   0,    1) (   2,    2) (   1,    1) (   1,    0)
          (   1,    1) (   1,    2) (   2,    2) (   1,    0) (   2,    2) (   2,    2) (   3,    3) (   1,    1) (   2,    2) (   2,    3)
          (   2,    2) (   0,    1) (   2,    2) (   3,    2) (   2,    2) (   1,    2) (   1,    1) (   2,    1) (   1,    1) (   2,    2)
          (   2,    3) (   3,    3) (   2,    2) (   2,    3) (   2,    2) (   2,    2) (   1,    1) (   2,    2) (   3,    3) (   2,    2)
          (   1,    1) (   2,    2) (   1,    2) (   3,    3) (   4,    5) (   2,    1) (   1,    2) (   4,    4) (   1,    3) (   2,    2)
          (   1,    0) (   2,    1) (   2,    2) (   1,    1) (   2,    2) (   1,    1) (   1,    2) (   4,    4) (   1,    0) (   2,    2)
          (   1,    1) (   2,    2) (   2,    3) (   2,    1) (   0,    0) (   1,    1) (   0,    0) (   3,    3) (   2,    1) (   2,    3)
          (   1,    2) (   2,    1) (   1,    1) (   2,    2) (   1,    1) (   0,    1) (   1,    0) (   1,    0) (   2,    2) (   1,    3)
          (   2,    2) (   1,    0) (   1,    1) (   2,    2) (   1,    1) (   1,    1) (   2,    2) (   2,    2) (   3,    3) (   2,    2)
          (   1,    1) (   2,    2) (   2,    2) (   2,    1) (   2,    2) (   1,    1) (   2,    2) (   3,    3) (   1,    1) (   4,    4)
          (   1,    2) (   1,    1) (   1,    1) (   1,    1) (   1,    1) (   2,    2) (   1,    3) (   2,    1) (   3,    4) (   1,    1)
          (   1,    1) (   1,    1) (   2,    2) (   2,    2) (   0,    1) (   2,    2) (   1,    0) (   1,    2) (   1,    1) (   2,    1)
          (   2,    2) (   3,    3) (   1,    1) (   2,    2) (   2,    3) (   2,    2) (   3,    2) (   2,    2) (   1,    1) (   3,    4)
          (   3,    2) (   1,    1) (   3,    3) (   2,    2) (   1,    1) (   1,    3) (   3,    2) (   3,    2) (   1,    2) (   1,    0)
          (   1,    1) (   0,    1) (   1,    0) (   1,    1) (   0,    1) (   0,    0) (   2,    1) (   4,    3) (   1,    1) (   3,    3)
          (   1,    1) (   2,    2) (   2,    2) (   1,    1) (   1,    1) (   2,    2) (   3,    3) (   3,    3) (   2,    2) (   2,    2)
          (   1,    1) (   2,    2) (   3,    3) (   1,    1) (   2,    2) (   1,    1) (   2,    2) (   1,    1) (   1,    1) (   2,    2)
          (   3,    3) (   1,    1) (   1,    1) (   3,    3) (   2,    2) (   2,    2) (   2,    2) (   2,    2) (   1,    1) (   2,    2)
          (   2,    2) (   4,    4) (   3,    3) (   2,    2) (   1,    1) (   3,    3) (   3,    3) (   2,    2) (   1,    1) (   2,    2)
          (   2,    2) (   2,    2) (   1,    1) (   1,    1) (   3,    3) (   1,    1) (   1,    1) (   1,    1) (   1,    1) (   1,    1)
          (   1,    1) (   2,    2) (   4,    4) (   3,    3) (   2,    2) (   2,    2) (   2,    2) (   2,    2) (   2,    2) (   1,    1)
          (   5,    5) (   1,    1) (   1,    1) (   2,    2) (   2,    2) (   2,    2) (   1,    1) (   2,    2) (   3,    3) (   3,    3)
          (   2,    2) (   2,    2) (   3,    3) (   4,    4) (   4,    4) (   3,    3) (   2,    2) (   2,    2) (   2,    2) (   2,    2)
          (   1,    1) (   2,    2) (   2,    2) (   2,    2) (   2,    2) (   2,    2) (   2,    2) (   1,    1) (   4,    4) (   3,    3)
          (   1,    1) (   2,    2) (   3,    3) (   3,    3) (   2,    2) (   2,    2) (   1,    1) (   1,    1) (   1,    1) (   2,    2)
          (   4,    4) (   3,    3) (   4,    4) (   2,    2) (   4,    4) (   3,    3) (   3,    3) (   1,    1) (   3,    3) (   1,    1)
          (   5,    5) (   1,    1) (   3,    3) (   1,    1) (   2,    2) (   2,    2) (   4,    4) (   1,    1) (   4,    4) (   2,    2)
          (   1,    1) (   2,    2) (   3,    3) (   2,    2) (   1,    1) (   1,    1) (   2,    2) (   3,    3) (   2,    2) (   2,    2)
          (   1,    1) (   2,    2) (   4,    4) (   2,    2) (   2,    2) (   2,    2) (   1,    1) (   2,    2) (   3,    3) (   2,    2)
          (   1,    1) (   2,    2) (   2,    2) (   4,    4) (   2,    2) (   2,    2) (   2,    2) (   1,    1) (   1,    1) (   1,    1)
          (   4,    4) (   1,    1) (   2,    2) (   2,    2) (   3,    3) (   2,    2) (   3,    3) (   2,    2) (   2,    2) (   2,    2)
          (   2,    2) (   1,    1) (   3,    3) (   4,    4) (   1,    1) (   3,    3) (   2,    2) (   2,    2) (   1,    1) (   2,    2)
          (   3,    3) (   1,    1) (   2,    2) (   3,    3) (   3,    3) (   3,    3) (   1,    1) (   1,    1) (   1,    1) (   3,    3)
          (   1,    1) (   1,    1) (   2,    2) (   3,    3) (   1,    1) (   2,    2) (   1,    1) (   2,    2) (   3,    3) (   1,    1)
          (   2,    2) (   3,    3) (   3,    3) (   1,    1) (   3,    3) (   1,    1) (   3,    3) (   1,    1) (   3,    3) (   1,    1)
          (   3,    3) (   1,    1) (   3,    3) (   2,    2) (   2,    2) (   2,    2) (   3,    3) (   2,    2) (   3,    3) (   1,    1)
          (   2,    2) (   3,    3) (   2,    2) (   1,    1) (   2,    2) (   2,    2) (   2,    2) (   2,    2) (   2,    2) (   2,    2)
          (   1,    1) (   4,    4) (   3,    3) (   2,    2) (   1,    1) (   2,    2) (   4,    4) (   2,    2) (   2,    2) (   2,    2)
          (   1,    1) (   3,    3) (   1,    1) (   4,    4) (   2,    2) (   1,    1) (   3,    3) (   3,    3) (   1,    1) (   1,    1)
          (   4,    4) (   2,    2) (   1,    1) (   1,    1) (   3,    3) (   2,    2) (   1,    1) (   3,    3) (   3,    3) (   1,    1)
          (   1,    1) (   3,    3) (   3,    3) (   2,    2) (   1,    1) (   2,    2) (   1,    1) (   2,    2) (   3,    3) (   2,    2)
          (   2,    2) (   1,    1) (   2,    2) (   2,    2) (   1,    1) (   3,    3) (   1,    1) (   3,    3) (   2,    2) (   1,    1)
          (   3,    3) (   3,    3) (   2,    2) (   4,    4) (   3,    3) (   3,    3) (   2,    2) (   4,    4) (   4,    4) (   2,    2)
          (   3,    3) (   2,    2) (   1,    1) (   3,    3) (   2,    2) (   2,    2) (   1,    1) (   1,    1) (   2,    2) (   2,    2)
          (   0,    1) (   1,    1) (   3,    2) (   2,    2) (   1,    1) (   3,    3) (   1,    1) (   1,    1) (   1,    1) (   1,    1)
          (   3,    3) (   2,    2) (   3,    3) (   2,    2) (   2,    2) (   2,    2) (   1,    1) (   1,    1) (   1,    1) (   3,    3)
          (   2,    2) (   2,    2) (   2,    2) (   1,    1) (   3,    3) (   1,    1) (   3,    3) (   2,    2) (   1,    1) (   2,    2)
          (   2,    2) (   2,    2) (   1,    1) (   3,    3) (   2,    2) (   2,    2) (   3,    3) (   1,    1) (   4,    4) (   4,    4)
          (   2,    2) (   2,    2) (   2,    2) (   2,    2) (   3,    3) (   1,    1) (   4,    4) (   1,    1) (   3,    3) (   2,    2)
          (   2,    2) (   1,    1) (   2,    2) (   2,    2) (   1,    1) (   3,    3) (   3,    3) (   2,    2) (   2,    2) (   2,    2)
          (   3,    3) (   2,    2) (   3,    3) (   2,    2) (   1,    1) (   2,    2) (   3,    3) (   2,    2) (   2,    2) (   1,    1)
          (   3,    3) (   1,    1) (   2,    2) (   4,    4) (   2,    2) (   2,    2) (   1,    1) (   2,    2) (   1,    1) (   2,    2)
          (   2,    2) (   1,    1) (   2,    2) (   1,    1) (   3,    3) (   1,    1) (   3,    3) (   3,    3) (   3,    3) (   3,    3)
          (   3,    3) (   2,    2) (   1,    1) (   3,    3) (   2,    2) (   2,    2) (   1,    1) (   2,    2) (   1,    1) (   2,    2)
         
node  10 sent_total   1327  recv_total   1323

